#
# A fatal error has been detected by the Java Runtime Environment:
#
#  EXCEPTION_ACCESS_VIOLATION (0xc0000005) at pc=0x000007feada4c2fd, pid=10952, tid=11900
#
# JRE version: OpenJDK Runtime Environment Temurin-11.0.12+7 (11.0.12+7) (build 11.0.12+7)
# Java VM: OpenJDK 64-Bit Server VM Temurin-11.0.12+7 (11.0.12+7, mixed mode, tiered, compressed oops, g1 gc, windows-amd64)
# Problematic frame:
# V  [jvm.dll+0x2dc2fd]
#
# No core dump will be written. Minidumps are not enabled by default on client versions of Windows
#
# If you would like to submit a bug report, please visit:
#   https://github.com/adoptium/adoptium-support/issues
#

---------------  S U M M A R Y ------------

Command Line: --add-opens=java.base/java.util=ALL-UNNAMED --add-opens=java.base/java.lang=ALL-UNNAMED --add-opens=java.base/java.lang.invoke=ALL-UNNAMED --add-opens=java.base/java.util=ALL-UNNAMED --add-opens=java.prefs/java.util.prefs=ALL-UNNAMED --add-opens=java.prefs/java.util.prefs=ALL-UNNAMED --add-opens=java.base/java.nio.charset=ALL-UNNAMED --add-opens=java.base/java.net=ALL-UNNAMED --add-opens=java.base/java.util.concurrent.atomic=ALL-UNNAMED -XX:MaxMetaspaceSize=256m -XX:+HeapDumpOnOutOfMemoryError -Xms256m -Xmx512m -Dfile.encoding=windows-1251 -Duser.country=RU -Duser.language=ru -Duser.variant org.gradle.launcher.daemon.bootstrap.GradleDaemon 7.1

Host: Intel(R) Xeon(R) CPU E3-1270 V2 @ 3.50GHz, 8 cores, 15G,  Windows 7 , 64 bit Build 7601 (6.1.7601.18015)
Time: Fri Jan 14 12:02:59 2022 Eaeeieia?aaneia a?aiy (ceia) elapsed time: 870.245814 seconds (0d 0h 14m 30s)

---------------  T H R E A D  ---------------

Current thread (0x00000000212b6000):  GCTaskThread "GC Thread#2" [stack: 0x0000000020260000,0x0000000020360000] [id=11900]

Stack: [0x0000000020260000,0x0000000020360000],  sp=0x000000002035f570,  free space=1021k
Native frames: (J=compiled Java code, j=interpreted, Vv=VM code, C=native code)
V  [jvm.dll+0x2dc2fd]
V  [jvm.dll+0x3041cf]
V  [jvm.dll+0x305119]
V  [jvm.dll+0x303603]
V  [jvm.dll+0x30324e]
V  [jvm.dll+0x3136ed]
V  [jvm.dll+0x1d87e4]
V  [jvm.dll+0x1d8645]
V  [jvm.dll+0x1d8713]
V  [jvm.dll+0x3030f7]
V  [jvm.dll+0x1d920a]
V  [jvm.dll+0x3143db]
V  [jvm.dll+0x313f28]
V  [jvm.dll+0x2e4ed3]
V  [jvm.dll+0x7b78b0]
V  [jvm.dll+0x747c84]
V  [jvm.dll+0x600ba6]
C  [ucrtbase.DLL+0x1c1ae]
C  [kernel32.dll+0x1652d]
C  [ntdll.dll+0x2c541]


siginfo: EXCEPTION_ACCESS_VIOLATION (0xc0000005), reading address 0x0000000000000178


Register to memory mapping:

RIP=0x000007feada4c2fd jvm.dll
RAX=0x0000000000273d80 points into unknown readable memory: 0x0000000000000080 | 80 00 00 00 00 00 00 00
RBX=0x000000002ca93d40 points into unknown readable memory: 0x000007feae004258 | 58 42 00 ae fe 07 00 00
RCX=0x0000000000000014 is an unknown value
RDX=0x0000000000000080 is an unknown value
RSP=0x000000002035f570 points into unknown readable memory: 0x000000000002c9ea | ea c9 02 00 00 00 00 00
RBP=0x000000002ca93eb0 points into unknown readable memory: 0x000007feae004210 | 10 42 00 ae fe 07 00 00
RSI=0x0000000100483658 is pointing into metadata
RDI=0x00000000e593e5b0 is pointing into object: org.codehaus.groovy.reflection.CachedMethod 
{0x00000000e593e5a0} - klass: 'org/codehaus/groovy/reflection/CachedMethod'
R8 =0x00000000e593e5bc is pointing into object: org.codehaus.groovy.reflection.CachedMethod 
{0x00000000e593e5a0} - klass: 'org/codehaus/groovy/reflection/CachedMethod'
R9 =0x0 is NULL
R10=0x00000000e593e5bc is pointing into object: org.codehaus.groovy.reflection.CachedMethod 
{0x00000000e593e5a0} - klass: 'org/codehaus/groovy/reflection/CachedMethod'
R11=0x000000002ca93eb0 points into unknown readable memory: 0x000007feae004210 | 10 42 00 ae fe 07 00 00
R12=0x0000000000000001 is an unknown value
R13=0x0000000000000008 is an unknown value
R14=0x0000000100483658 is pointing into metadata
R15=0x00000000e593e5a0 is an oop: org.codehaus.groovy.reflection.CachedMethod 
{0x00000000e593e5a0} - klass: 'org/codehaus/groovy/reflection/CachedMethod'


Registers:
RAX=0x0000000000273d80, RBX=0x000000002ca93d40, RCX=0x0000000000000014, RDX=0x0000000000000080
RSP=0x000000002035f570, RBP=0x000000002ca93eb0, RSI=0x0000000100483658, RDI=0x00000000e593e5b0
R8 =0x00000000e593e5bc, R9 =0x0000000000000000, R10=0x00000000e593e5bc, R11=0x000000002ca93eb0
R12=0x0000000000000001, R13=0x0000000000000008, R14=0x0000000100483658, R15=0x00000000e593e5a0
RIP=0x000007feada4c2fd, EFLAGS=0x0000000000010246

Top of Stack: (sp=0x000000002035f570)
0x000000002035f570:   000000000002c9ea 00000000e593e5cd
0x000000002035f580:   000000002035f668 00000000e593e3f1
0x000000002035f590:   00000000e593e5bc 000007feada741cf
0x000000002035f5a0:   00000000e593e5c8 000007feada75392
0x000000002035f5b0:   00000000e593e3f0 00000000eabaad80
0x000000002035f5c0:   0000000024b2900d 00000000eab5f610
0x000000002035f5d0:   0000000000000001 000007feada75119
0x000000002035f5e0:   0000000000000002 000000002ca93d40
0x000000002035f5f0:   00000000e593e5a0 0000000000000080
0x000000002035f600:   0000000000000080 000007feaddbbf0e
0x000000002035f610:   00000003e5922738 000007feada4e1ee
0x000000002035f620:   000000002ca93d40 0000000000000040
0x000000002035f630:   0000000000273400 00000000000003d8
0x000000002035f640:   0000000000000000 0000000000273380
0x000000002035f650:   000000000026f3a0 000007feada73603
0x000000002035f660:   000000002ca93d40 0000000000273400 

Instructions: (pc=0x000007feada4c2fd)
0x000007feada4c1fd:   48 ff 47 20 48 8b 5c 24 30 48 83 c4 20 5f c3 cc
0x000007feada4c20d:   cc cc cc 48 89 5c 24 08 57 48 83 ec 20 48 8b 41
0x000007feada4c21d:   18 48 8b fa 48 8b 58 10 48 8b cb e8 c3 7c 00 00
0x000007feada4c22d:   84 c0 75 29 48 81 c3 90 00 00 00 48 8b 4b 20 48
0x000007feada4c23d:   3b 4b 08 75 0c 48 8b cb e8 16 08 f6 ff 48 8b 4b
0x000007feada4c24d:   20 48 8b 43 38 48 89 3c c8 48 ff 43 20 48 8b 5c
0x000007feada4c25d:   24 30 48 83 c4 20 5f c3 cc cc cc cc cc cc cc cc
0x000007feada4c26d:   cc cc cc 48 89 5c 24 08 57 48 83 ec 20 48 8b 79
0x000007feada4c27d:   10 48 8b da 48 83 cb 01 48 8b cf 48 8b d3 e8 60
0x000007feada4c28d:   7c 00 00 84 c0 75 29 48 81 c7 90 00 00 00 48 8b
0x000007feada4c29d:   4f 20 48 3b 4f 08 75 0c 48 8b cf e8 b3 07 f6 ff
0x000007feada4c2ad:   48 8b 4f 20 48 8b 47 38 48 89 1c c8 48 ff 47 20
0x000007feada4c2bd:   48 8b 5c 24 30 48 83 c4 20 5f c3 cc cc cc cc cc
0x000007feada4c2cd:   cc cc cc 40 53 48 83 ec 20 8b 82 04 01 00 00 48
0x000007feada4c2dd:   8b d9 d1 e8 a8 01 75 6b 48 8b 41 08 8b 88 c0 02
0x000007feada4c2ed:   00 00 48 8b 80 b0 02 00 00 49 d3 e9 4a 8b 14 c8
0x000007feada4c2fd:   48 8b 82 f8 00 00 00 83 b8 18 01 00 00 00 74 43
0x000007feada4c30d:   48 8b 4b 50 48 89 7c 24 30 49 c1 e8 09 48 8b 79
0x000007feada4c31d:   48 48 2b 79 40 49 03 f8 48 8b d7 e8 d3 ca ff ff
0x000007feada4c32d:   84 c0 74 1a 80 7b 28 00 48 8d 4b 18 74 10 48 8b
0x000007feada4c33d:   43 50 48 8b 50 40 48 03 d7 e8 95 fa 36 00 48 8b
0x000007feada4c34d:   7c 24 30 48 83 c4 20 5b c3 cc cc cc cc cc cc cc
0x000007feada4c35d:   cc cc cc 40 53 48 83 ec 50 48 89 74 24 68 48 8b
0x000007feada4c36d:   d9 48 89 7c 24 70 48 8b fa 4c 89 6c 24 40 4c 89
0x000007feada4c37d:   74 24 38 e8 cb 64 f1 ff 48 8d 05 84 1e 5b 00 48
0x000007feada4c38d:   89 7b 58 45 33 ed 48 89 03 48 8d 4b 68 4c 89 6b
0x000007feada4c39d:   48 4c 89 6b 60 e8 f9 6f 3f 00 48 8d 4b 78 4c 8d
0x000007feada4c3ad:   05 c6 96 59 00 48 8d 15 ef 27 5b 00 e8 52 a1 2c
0x000007feada4c3bd:   00 48 8d 8b 40 01 00 00 4c 8d 05 bc 96 59 00 48
0x000007feada4c3cd:   8d 15 ed 27 5b 00 e8 38 a1 2c 00 41 8d 55 05 4c
0x000007feada4c3dd:   89 ab 08 02 00 00 45 33 c0 4c 89 ab 10 02 00 00
0x000007feada4c3ed:   4c 89 ab 18 02 00 00 8d 4a 03 e8 e4 cc dd ff 48 


Stack slot to memory mapping:
stack at sp + 0 slots: 0x000000000002c9ea points into unknown readable memory: 00 00 00 00 00 00
stack at sp + 1 slots: 0x00000000e593e5cd is pointing into object: org.codehaus.groovy.reflection.CachedMethod 
{0x00000000e593e5a0} - klass: 'org/codehaus/groovy/reflection/CachedMethod'
stack at sp + 2 slots: 0x000000002035f668 points into unknown readable memory: 0x0000000000273400 | 00 34 27 00 00 00 00 00
stack at sp + 3 slots: 0x00000000e593e3f1 is pointing into object: [Ljava.lang.Object; 
{0x00000000e593e3d8} - klass: 'java/lang/Object'[]
 - length: 4
stack at sp + 4 slots: 0x00000000e593e5bc is pointing into object: org.codehaus.groovy.reflection.CachedMethod 
{0x00000000e593e5a0} - klass: 'org/codehaus/groovy/reflection/CachedMethod'
stack at sp + 5 slots: 0x000007feada741cf jvm.dll
stack at sp + 6 slots: 0x00000000e593e5c8 is pointing into object: org.codehaus.groovy.reflection.CachedMethod 
{0x00000000e593e5a0} - klass: 'org/codehaus/groovy/reflection/CachedMethod'
stack at sp + 7 slots: 0x000007feada75392 jvm.dll


---------------  P R O C E S S  ---------------

Threads class SMR info:
_java_thread_list=0x0000000021ece500, length=58, elements={
0x0000000000258800, 0x000000001f75c800, 0x000000001f766800, 0x000000001f76d800,
0x000000001f76f800, 0x000000001f771800, 0x000000001f778800, 0x000000001f786800,
0x000000001f797800, 0x00000000205e9800, 0x00000000205ea800, 0x00000000205eb000,
0x00000000205ec000, 0x00000000205f2800, 0x00000000205f3000, 0x00000000205f4000,
0x00000000205f5800, 0x00000000205f6800, 0x00000000205f7800, 0x00000000205f8000,
0x0000000024b23000, 0x0000000024b24000, 0x0000000024b25000, 0x0000000024b25800,
0x0000000024b26800, 0x0000000024b27800, 0x00000000275f5000, 0x00000000275f7000,
0x00000000275fa000, 0x000000002e73a800, 0x00000000205ee800, 0x00000000205ef000,
0x00000000205ed800, 0x00000000205f1000, 0x00000000205f0000, 0x00000000205f1800,
0x00000000205f5000, 0x00000000205ec800, 0x000000002e73b800, 0x000000002e736800,
0x000000002e739000, 0x000000002e73a000, 0x000000002e73d000, 0x000000002e738000,
0x000000002e737800, 0x000000002e73c000, 0x00000000275fb800, 0x00000000275fb000,
0x00000000275f9000, 0x00000000275f8800, 0x0000000024b29000, 0x0000000024b28000,
0x0000000024b29800, 0x0000000024dc3800, 0x0000000024dc4800, 0x0000000024dc5800,
0x0000000024dc6000, 0x0000000024dc7000
}

Java Threads: ( => current thread )
  0x0000000000258800 JavaThread "main" [_thread_blocked, id=8132, stack(0x0000000002150000,0x0000000002250000)]
  0x000000001f75c800 JavaThread "Reference Handler" daemon [_thread_blocked, id=13604, stack(0x000000001f7f0000,0x000000001f8f0000)]
  0x000000001f766800 JavaThread "Finalizer" daemon [_thread_blocked, id=6804, stack(0x000000001f9a0000,0x000000001faa0000)]
  0x000000001f76d800 JavaThread "Signal Dispatcher" daemon [_thread_blocked, id=13240, stack(0x000000001fd20000,0x000000001fe20000)]
  0x000000001f76f800 JavaThread "Attach Listener" daemon [_thread_blocked, id=3204, stack(0x000000001fbc0000,0x000000001fcc0000)]
  0x000000001f771800 JavaThread "Service Thread" daemon [_thread_blocked, id=10904, stack(0x000000001ff50000,0x0000000020050000)]
  0x000000001f778800 JavaThread "C2 CompilerThread0" daemon [_thread_blocked, id=10888, stack(0x000000001fe40000,0x000000001ff40000)]
  0x000000001f786800 JavaThread "C1 CompilerThread0" daemon [_thread_blocked, id=11156, stack(0x0000000020160000,0x0000000020260000)]
  0x000000001f797800 JavaThread "Sweeper thread" daemon [_thread_blocked, id=13708, stack(0x0000000020390000,0x0000000020490000)]
  0x00000000205e9800 JavaThread "Common-Cleaner" daemon [_thread_blocked, id=12164, stack(0x0000000020960000,0x0000000020a60000)]
  0x00000000205ea800 JavaThread "Daemon health stats" [_thread_blocked, id=11532, stack(0x0000000022600000,0x0000000022700000)]
  0x00000000205eb000 JavaThread "Incoming local TCP Connector on port 52780" [_thread_in_native, id=13908, stack(0x00000000257f0000,0x00000000258f0000)]
  0x00000000205ec000 JavaThread "Daemon periodic checks" [_thread_blocked, id=8604, stack(0x0000000022960000,0x0000000022a60000)]
  0x00000000205f2800 JavaThread "Cache worker for journal cache (C:\Users\user\.gradle\caches\journal-1)" [_thread_blocked, id=7612, stack(0x0000000026480000,0x0000000026580000)]
  0x00000000205f3000 JavaThread "File lock request listener" [_thread_in_native, id=14188, stack(0x0000000025fd0000,0x00000000260d0000)]
  0x00000000205f4000 JavaThread "Cache worker for file hash cache (C:\Users\user\.gradle\caches\7.1\fileHashes)" [_thread_blocked, id=15152, stack(0x0000000026610000,0x0000000026710000)]
  0x00000000205f5800 JavaThread "File watcher server" daemon [_thread_blocked, id=13964, stack(0x0000000027040000,0x0000000027140000)]
  0x00000000205f6800 JavaThread "File watcher consumer" daemon [_thread_blocked, id=3812, stack(0x0000000028670000,0x0000000028770000)]
  0x00000000205f7800 JavaThread "jar transforms" [_thread_blocked, id=10416, stack(0x0000000026b40000,0x0000000026c40000)]
  0x00000000205f8000 JavaThread "jar transforms Thread 2" [_thread_blocked, id=7244, stack(0x0000000028780000,0x0000000028880000)]
  0x0000000024b23000 JavaThread "jar transforms Thread 3" [_thread_blocked, id=14308, stack(0x00000000289f0000,0x0000000028af0000)]
  0x0000000024b24000 JavaThread "jar transforms Thread 4" [_thread_blocked, id=13940, stack(0x00000000288b0000,0x00000000289b0000)]
  0x0000000024b25000 JavaThread "jar transforms Thread 5" [_thread_blocked, id=10144, stack(0x0000000028bb0000,0x0000000028cb0000)]
  0x0000000024b25800 JavaThread "jar transforms Thread 6" [_thread_blocked, id=15288, stack(0x0000000028de0000,0x0000000028ee0000)]
  0x0000000024b26800 JavaThread "jar transforms Thread 7" [_thread_blocked, id=2956, stack(0x0000000028f20000,0x0000000029020000)]
  0x0000000024b27800 JavaThread "jar transforms Thread 8" [_thread_blocked, id=14504, stack(0x0000000029020000,0x0000000029120000)]
  0x00000000275f5000 JavaThread "Cache worker for execution history cache (C:\Users\user\.gradle\caches\7.1\executionHistory)" [_thread_blocked, id=13140, stack(0x00000000297a0000,0x00000000298a0000)]
  0x00000000275f7000 JavaThread "Cache worker for file content cache (C:\Users\user\.gradle\caches\7.1\fileContent)" [_thread_blocked, id=7868, stack(0x000000002a120000,0x000000002a220000)]
  0x00000000275fa000 JavaThread "Memory manager" [_thread_blocked, id=14520, stack(0x000000002d410000,0x000000002d510000)]
  0x000000002e73a800 JavaThread "Cache worker for Java compile cache (C:\Users\user\.gradle\caches\7.1\javaCompile)" [_thread_blocked, id=10068, stack(0x000000002eff0000,0x000000002f0f0000)]
  0x00000000205ee800 JavaThread "Daemon Thread 7" [_thread_blocked, id=13020, stack(0x00000000255a0000,0x00000000256a0000)]
  0x00000000205ef000 JavaThread "Handler for socket connection from /127.0.0.1:52780 to /127.0.0.1:51974" [_thread_in_native, id=8812, stack(0x0000000025490000,0x0000000025590000)]
  0x00000000205ed800 JavaThread "Cancel handler" [_thread_blocked, id=13512, stack(0x0000000025b30000,0x0000000025c30000)]
  0x00000000205f1000 JavaThread "Daemon worker Thread 5" [_thread_blocked, id=15212, stack(0x0000000025e10000,0x0000000025f10000)]
  0x00000000205f0000 JavaThread "Asynchronous log dispatcher for DefaultDaemonConnection: socket connection from /127.0.0.1:52780 to /127.0.0.1:51974" [_thread_blocked, id=14132, stack(0x00000000260f0000,0x00000000261f0000)]
  0x00000000205f1800 JavaThread "Stdin handler" [_thread_blocked, id=5568, stack(0x000000002bc70000,0x000000002bd70000)]
  0x00000000205f5000 JavaThread "Daemon client event forwarder" [_thread_blocked, id=11752, stack(0x0000000026f20000,0x0000000027020000)]
  0x00000000205ec800 JavaThread "Cache worker for file hash cache (E:\Netology\Java\L22Reporting\Reporting\.gradle\7.1\fileHashes)" [_thread_blocked, id=300, stack(0x0000000028ce0000,0x0000000028de0000)]
  0x000000002e73b800 JavaThread "Cache worker for checksums cache (E:\Netology\Java\L22Reporting\Reporting\.gradle\checksums)" [_thread_blocked, id=7720, stack(0x000000002bd80000,0x000000002be80000)]
  0x000000002e736800 JavaThread "Cache worker for cache directory md-supplier (C:\Users\user\.gradle\caches\7.1\md-supplier)" [_thread_blocked, id=11456, stack(0x000000002f6c0000,0x000000002f7c0000)]
  0x000000002e739000 JavaThread "Cache worker for cache directory md-rule (C:\Users\user\.gradle\caches\7.1\md-rule)" [_thread_blocked, id=13816, stack(0x0000000029620000,0x0000000029720000)]
  0x000000002e73a000 JavaThread "C2 CompilerThread1" daemon [_thread_blocked, id=15192, stack(0x000000002fce0000,0x000000002fde0000)]
  0x000000002e73d000 JavaThread "Cache worker for dependencies-accessors (E:\Netology\Java\L22Reporting\Reporting\.gradle\7.1\dependencies-accessors)" [_thread_blocked, id=9296, stack(0x000000002fe50000,0x000000002ff50000)]
  0x000000002e738000 JavaThread "Cache worker for Build Output Cleanup Cache (E:\Netology\Java\L22Reporting\Reporting\.gradle\buildOutputCleanup)" [_thread_blocked, id=13404, stack(0x000000002ffa0000,0x00000000300a0000)]
  0x000000002e737800 JavaThread "Unconstrained build operations" [_thread_blocked, id=12820, stack(0x00000000301c0000,0x00000000302c0000)]
  0x000000002e73c000 JavaThread "Unconstrained build operations Thread 2" [_thread_blocked, id=10148, stack(0x0000000026910000,0x0000000026a10000)]
  0x00000000275fb800 JavaThread "Unconstrained build operations Thread 3" [_thread_blocked, id=3996, stack(0x00000000302c0000,0x00000000303c0000)]
  0x00000000275fb000 JavaThread "Unconstrained build operations Thread 4" [_thread_blocked, id=11080, stack(0x0000000030920000,0x0000000030a20000)]
  0x00000000275f9000 JavaThread "Unconstrained build operations Thread 5" [_thread_blocked, id=2588, stack(0x0000000030a90000,0x0000000030b90000)]
  0x00000000275f8800 JavaThread "Execution worker for ':'" [_thread_blocked, id=12668, stack(0x0000000030400000,0x0000000030500000)]
  0x0000000024b29000 JavaThread "Execution worker for ':' Thread 2" [_thread_blocked, id=2104, stack(0x000000002d910000,0x000000002da10000)]
  0x0000000024b28000 JavaThread "Execution worker for ':' Thread 3" [_thread_blocked, id=6800, stack(0x0000000030c00000,0x0000000030d00000)]
  0x0000000024b29800 JavaThread "Execution worker for ':' Thread 4" [_thread_blocked, id=14804, stack(0x000000002f540000,0x000000002f640000)]
  0x0000000024dc3800 JavaThread "Execution worker for ':' Thread 5" [_thread_blocked, id=8888, stack(0x00000000300b0000,0x00000000301b0000)]
  0x0000000024dc4800 JavaThread "Execution worker for ':' Thread 6" [_thread_blocked, id=14036, stack(0x0000000031460000,0x0000000031560000)]
  0x0000000024dc5800 JavaThread "Execution worker for ':' Thread 7" [_thread_blocked, id=11176, stack(0x00000000315e0000,0x00000000316e0000)]
  0x0000000024dc6000 JavaThread "Cache worker for execution history cache (E:\Netology\Java\L22Reporting\Reporting\.gradle\7.1\executionHistory)" [_thread_blocked, id=12748, stack(0x0000000030fa0000,0x00000000310a0000)]
  0x0000000024dc7000 JavaThread "Unconstrained build operations Thread 6" [_thread_blocked, id=13496, stack(0x0000000031710000,0x0000000031810000)]

Other Threads:
  0x000000001f707000 VMThread "VM Thread" [stack: 0x000000001e9d0000,0x000000001ead0000] [id=12864]
  0x00000000205a7800 WatcherThread [stack: 0x0000000020ac0000,0x0000000020bc0000] [id=13608]
  0x0000000000272000 GCTaskThread "GC Thread#0" [stack: 0x000000001a0b0000,0x000000001a1b0000] [id=12072]
  0x00000000212b5800 GCTaskThread "GC Thread#1" [stack: 0x0000000022700000,0x0000000022800000] [id=13644]
=>0x00000000212b6000 GCTaskThread "GC Thread#2" [stack: 0x0000000020260000,0x0000000020360000] [id=11900]
  0x00000000215ee000 GCTaskThread "GC Thread#3" [stack: 0x0000000022860000,0x0000000022960000] [id=7260]
  0x00000000217ae000 GCTaskThread "GC Thread#4" [stack: 0x0000000022a80000,0x0000000022b80000] [id=9204]
  0x00000000217ae800 GCTaskThread "GC Thread#5" [stack: 0x0000000020060000,0x0000000020160000] [id=10036]
  0x000000002204a000 GCTaskThread "GC Thread#6" [stack: 0x0000000026a40000,0x0000000026b40000] [id=9564]
  0x0000000024377800 GCTaskThread "GC Thread#7" [stack: 0x0000000026c90000,0x0000000026d90000] [id=13352]
  0x0000000000284000 ConcurrentGCThread "G1 Main Marker" [stack: 0x000000001bd90000,0x000000001be90000] [id=9116]
  0x0000000000286800 ConcurrentGCThread "G1 Conc#0" [stack: 0x000000001c060000,0x000000001c160000] [id=872]
  0x0000000023c2e000 ConcurrentGCThread "G1 Conc#1" [stack: 0x0000000026e10000,0x0000000026f10000] [id=1480]
  0x000000001e9a0800 ConcurrentGCThread "G1 Refine#0" [stack: 0x000000001eb10000,0x000000001ec10000] [id=1176]
  0x0000000024af2800 ConcurrentGCThread "G1 Refine#1" [stack: 0x0000000037000000,0x0000000037100000] [id=11308]
  0x0000000027479000 ConcurrentGCThread "G1 Refine#2" [stack: 0x00000000291d0000,0x00000000292d0000] [id=13348]
  0x000000001e9a3800 ConcurrentGCThread "G1 Young RemSet Sampling" [stack: 0x000000001ecd0000,0x000000001edd0000] [id=2944]

Threads with active compile tasks:

VM state:at safepoint (normal execution)

VM Mutex/Monitor currently owned by a thread:  ([mutex/lock_event])
[0x0000000000254b00] Threads_lock - owner thread: 0x000000001f707000
[0x00000000002552e0] Heap_lock - owner thread: 0x00000000275f8800

Heap address: 0x00000000e0000000, size: 512 MB, Compressed Oops mode: 32-bit
Narrow klass base: 0x0000000000000000, Narrow klass shift: 3
Compressed class space size: 260046848 Address: 0x0000000100000000

Heap:
 garbage-first heap   total 262144K, used 142452K [0x00000000e0000000, 0x0000000100000000)
  region size 1024K, 6 young (6144K), 1 survivors (1024K)
 Metaspace       used 95895K, capacity 98945K, committed 101388K, reserved 342016K
  class space    used 12096K, capacity 13198K, committed 13696K, reserved 253952K
Heap Regions: E=young(eden), S=young(survivor), O=old, HS=humongous(starts), HC=humongous(continues), CS=collection set, F=free, A=archive, TAMS=top-at-mark-start (previous, next)
|   0|0x00000000e0000000, 0x00000000e0100000, 0x00000000e0100000|100%| O|  |TAMS 0x00000000e0100000, 0x00000000e0000000| Untracked 
|   1|0x00000000e0100000, 0x00000000e0200000, 0x00000000e0200000|100%| O|  |TAMS 0x00000000e0200000, 0x00000000e0100000| Untracked 
|   2|0x00000000e0200000, 0x00000000e0300000, 0x00000000e0300000|100%| O|  |TAMS 0x00000000e0300000, 0x00000000e0200000| Untracked 
|   3|0x00000000e0300000, 0x00000000e0400000, 0x00000000e0400000|100%|HS|  |TAMS 0x00000000e0400000, 0x00000000e0300000| Complete 
|   4|0x00000000e0400000, 0x00000000e0500000, 0x00000000e0500000|100%|HC|  |TAMS 0x00000000e0500000, 0x00000000e0400000| Complete 
|   5|0x00000000e0500000, 0x00000000e0600000, 0x00000000e0600000|100%|HC|  |TAMS 0x00000000e0600000, 0x00000000e0500000| Complete 
|   6|0x00000000e0600000, 0x00000000e0700000, 0x00000000e0700000|100%| O|  |TAMS 0x00000000e0700000, 0x00000000e0600000| Untracked 
|   7|0x00000000e0700000, 0x00000000e0800000, 0x00000000e0800000|100%| O|  |TAMS 0x00000000e0800000, 0x00000000e0700000| Untracked 
|   8|0x00000000e0800000, 0x00000000e0900000, 0x00000000e0900000|100%| O|  |TAMS 0x00000000e0900000, 0x00000000e0800000| Untracked 
|   9|0x00000000e0900000, 0x00000000e0a00000, 0x00000000e0a00000|100%| O|  |TAMS 0x00000000e0a00000, 0x00000000e0900000| Untracked 
|  10|0x00000000e0a00000, 0x00000000e0b00000, 0x00000000e0b00000|100%| O|  |TAMS 0x00000000e0b00000, 0x00000000e0a00000| Untracked 
|  11|0x00000000e0b00000, 0x00000000e0c00000, 0x00000000e0c00000|100%| O|  |TAMS 0x00000000e0c00000, 0x00000000e0b00000| Complete 
|  12|0x00000000e0c00000, 0x00000000e0d00000, 0x00000000e0d00000|100%| O|  |TAMS 0x00000000e0d00000, 0x00000000e0c00000| Untracked 
|  13|0x00000000e0d00000, 0x00000000e0e00000, 0x00000000e0e00000|100%| O|  |TAMS 0x00000000e0e00000, 0x00000000e0d00000| Untracked 
|  14|0x00000000e0e00000, 0x00000000e0f00000, 0x00000000e0f00000|100%| O|  |TAMS 0x00000000e0f00000, 0x00000000e0e00000| Complete 
|  15|0x00000000e0f00000, 0x00000000e1000000, 0x00000000e1000000|100%| O|  |TAMS 0x00000000e1000000, 0x00000000e0f00000| Complete 
|  16|0x00000000e1000000, 0x00000000e1100000, 0x00000000e1100000|100%|HS|  |TAMS 0x00000000e1100000, 0x00000000e1000000| Complete 
|  17|0x00000000e1100000, 0x00000000e1200000, 0x00000000e1200000|100%|HC|  |TAMS 0x00000000e1200000, 0x00000000e1100000| Complete 
|  18|0x00000000e1200000, 0x00000000e1300000, 0x00000000e1300000|100%|HS|  |TAMS 0x00000000e1300000, 0x00000000e1200000| Complete 
|  19|0x00000000e1300000, 0x00000000e1400000, 0x00000000e1400000|100%|HC|  |TAMS 0x00000000e1400000, 0x00000000e1300000| Complete 
|  20|0x00000000e1400000, 0x00000000e1500000, 0x00000000e1500000|100%|HC|  |TAMS 0x00000000e1500000, 0x00000000e1400000| Complete 
|  21|0x00000000e1500000, 0x00000000e1600000, 0x00000000e1600000|100%|HS|  |TAMS 0x00000000e1600000, 0x00000000e1500000| Complete 
|  22|0x00000000e1600000, 0x00000000e1700000, 0x00000000e1700000|100%|HC|  |TAMS 0x00000000e1700000, 0x00000000e1600000| Complete 
|  23|0x00000000e1700000, 0x00000000e1800000, 0x00000000e1800000|100%|HC|  |TAMS 0x00000000e1800000, 0x00000000e1700000| Complete 
|  24|0x00000000e1800000, 0x00000000e1900000, 0x00000000e1900000|100%|HS|  |TAMS 0x00000000e1900000, 0x00000000e1800000| Complete 
|  25|0x00000000e1900000, 0x00000000e1a00000, 0x00000000e1a00000|100%|HC|  |TAMS 0x00000000e1a00000, 0x00000000e1900000| Complete 
|  26|0x00000000e1a00000, 0x00000000e1b00000, 0x00000000e1b00000|100%|HC|  |TAMS 0x00000000e1b00000, 0x00000000e1a00000| Complete 
|  27|0x00000000e1b00000, 0x00000000e1c00000, 0x00000000e1c00000|100%|HC|  |TAMS 0x00000000e1c00000, 0x00000000e1b00000| Complete 
|  28|0x00000000e1c00000, 0x00000000e1d00000, 0x00000000e1d00000|100%|HS|  |TAMS 0x00000000e1d00000, 0x00000000e1c00000| Complete 
|  29|0x00000000e1d00000, 0x00000000e1e00000, 0x00000000e1e00000|100%|HC|  |TAMS 0x00000000e1e00000, 0x00000000e1d00000| Complete 
|  30|0x00000000e1e00000, 0x00000000e1f00000, 0x00000000e1f00000|100%|HC|  |TAMS 0x00000000e1f00000, 0x00000000e1e00000| Complete 
|  31|0x00000000e1f00000, 0x00000000e2000000, 0x00000000e2000000|100%| O|  |TAMS 0x00000000e2000000, 0x00000000e1f00000| Untracked 
|  32|0x00000000e2000000, 0x00000000e2100000, 0x00000000e2100000|100%| O|  |TAMS 0x00000000e2100000, 0x00000000e2000000| Complete 
|  33|0x00000000e2100000, 0x00000000e2200000, 0x00000000e2200000|100%|HS|  |TAMS 0x00000000e2200000, 0x00000000e2100000| Complete 
|  34|0x00000000e2200000, 0x00000000e2300000, 0x00000000e2300000|100%|HC|  |TAMS 0x00000000e2300000, 0x00000000e2200000| Complete 
|  35|0x00000000e2300000, 0x00000000e2400000, 0x00000000e2400000|100%|HC|  |TAMS 0x00000000e2400000, 0x00000000e2300000| Complete 
|  36|0x00000000e2400000, 0x00000000e2500000, 0x00000000e2500000|100%|HC|  |TAMS 0x00000000e2500000, 0x00000000e2400000| Complete 
|  37|0x00000000e2500000, 0x00000000e2600000, 0x00000000e2600000|100%|HS|  |TAMS 0x00000000e2600000, 0x00000000e2500000| Complete 
|  38|0x00000000e2600000, 0x00000000e2700000, 0x00000000e2700000|100%|HC|  |TAMS 0x00000000e2700000, 0x00000000e2600000| Complete 
|  39|0x00000000e2700000, 0x00000000e2800000, 0x00000000e2800000|100%|HC|  |TAMS 0x00000000e2800000, 0x00000000e2700000| Complete 
|  40|0x00000000e2800000, 0x00000000e2900000, 0x00000000e2900000|100%|HS|  |TAMS 0x00000000e2900000, 0x00000000e2800000| Complete 
|  41|0x00000000e2900000, 0x00000000e2a00000, 0x00000000e2a00000|100%|HC|  |TAMS 0x00000000e2a00000, 0x00000000e2900000| Complete 
|  42|0x00000000e2a00000, 0x00000000e2b00000, 0x00000000e2b00000|100%| O|  |TAMS 0x00000000e2b00000, 0x00000000e2a00000| Untracked 
|  43|0x00000000e2b00000, 0x00000000e2c00000, 0x00000000e2c00000|100%| O|  |TAMS 0x00000000e2c00000, 0x00000000e2b00000| Complete 
|  44|0x00000000e2c00000, 0x00000000e2d00000, 0x00000000e2d00000|100%| O|  |TAMS 0x00000000e2d00000, 0x00000000e2c00000| Untracked 
|  45|0x00000000e2d00000, 0x00000000e2e00000, 0x00000000e2e00000|100%| O|  |TAMS 0x00000000e2e00000, 0x00000000e2d00000| Untracked 
|  46|0x00000000e2e00000, 0x00000000e2f00000, 0x00000000e2f00000|100%| O|  |TAMS 0x00000000e2f00000, 0x00000000e2e00000| Complete 
|  47|0x00000000e2f00000, 0x00000000e3000000, 0x00000000e3000000|100%| O|  |TAMS 0x00000000e3000000, 0x00000000e2f00000| Complete 
|  48|0x00000000e3000000, 0x00000000e3100000, 0x00000000e3100000|100%| O|  |TAMS 0x00000000e3100000, 0x00000000e3000000| Complete 
|  49|0x00000000e3100000, 0x00000000e3200000, 0x00000000e3200000|100%| O|  |TAMS 0x00000000e3200000, 0x00000000e3100000| Untracked 
|  50|0x00000000e3200000, 0x00000000e3300000, 0x00000000e3300000|100%| O|  |TAMS 0x00000000e3300000, 0x00000000e3200000| Untracked 
|  51|0x00000000e3300000, 0x00000000e3400000, 0x00000000e3400000|100%| O|  |TAMS 0x00000000e3400000, 0x00000000e3300000| Untracked 
|  52|0x00000000e3400000, 0x00000000e3500000, 0x00000000e3500000|100%| O|  |TAMS 0x00000000e3500000, 0x00000000e3400000| Untracked 
|  53|0x00000000e3500000, 0x00000000e3600000, 0x00000000e3600000|100%| O|  |TAMS 0x00000000e3600000, 0x00000000e3500000| Untracked 
|  54|0x00000000e3600000, 0x00000000e3700000, 0x00000000e3700000|100%| O|  |TAMS 0x00000000e3700000, 0x00000000e3600000| Complete 
|  55|0x00000000e3700000, 0x00000000e3800000, 0x00000000e3800000|100%|HS|  |TAMS 0x00000000e3800000, 0x00000000e3700000| Complete 
|  56|0x00000000e3800000, 0x00000000e3900000, 0x00000000e3900000|100%|HC|  |TAMS 0x00000000e3900000, 0x00000000e3800000| Complete 
|  57|0x00000000e3900000, 0x00000000e3a00000, 0x00000000e3a00000|100%|HS|  |TAMS 0x00000000e3a00000, 0x00000000e3900000| Complete 
|  58|0x00000000e3a00000, 0x00000000e3b00000, 0x00000000e3b00000|100%|HC|  |TAMS 0x00000000e3b00000, 0x00000000e3a00000| Complete 
|  59|0x00000000e3b00000, 0x00000000e3c00000, 0x00000000e3c00000|100%|HC|  |TAMS 0x00000000e3c00000, 0x00000000e3b00000| Complete 
|  60|0x00000000e3c00000, 0x00000000e3d00000, 0x00000000e3d00000|100%|HS|  |TAMS 0x00000000e3d00000, 0x00000000e3c00000| Complete 
|  61|0x00000000e3d00000, 0x00000000e3e00000, 0x00000000e3e00000|100%|HC|  |TAMS 0x00000000e3e00000, 0x00000000e3d00000| Complete 
|  62|0x00000000e3e00000, 0x00000000e3f00000, 0x00000000e3f00000|100%|HC|  |TAMS 0x00000000e3f00000, 0x00000000e3e00000| Complete 
|  63|0x00000000e3f00000, 0x00000000e4000000, 0x00000000e4000000|100%|HS|  |TAMS 0x00000000e4000000, 0x00000000e3f00000| Complete 
|  64|0x00000000e4000000, 0x00000000e4100000, 0x00000000e4100000|100%|HC|  |TAMS 0x00000000e4100000, 0x00000000e4000000| Complete 
|  65|0x00000000e4100000, 0x00000000e4200000, 0x00000000e4200000|100%|HC|  |TAMS 0x00000000e4200000, 0x00000000e4100000| Complete 
|  66|0x00000000e4200000, 0x00000000e4300000, 0x00000000e4300000|100%|HC|  |TAMS 0x00000000e4300000, 0x00000000e4200000| Complete 
|  67|0x00000000e4300000, 0x00000000e4400000, 0x00000000e4400000|100%| O|  |TAMS 0x00000000e4400000, 0x00000000e4300000| Complete 
|  68|0x00000000e4400000, 0x00000000e4500000, 0x00000000e4500000|100%| O|  |TAMS 0x00000000e4500000, 0x00000000e4400000| Untracked 
|  69|0x00000000e4500000, 0x00000000e4600000, 0x00000000e4600000|100%| O|  |TAMS 0x00000000e4600000, 0x00000000e4500000| Untracked 
|  70|0x00000000e4600000, 0x00000000e4700000, 0x00000000e4700000|100%| O|  |TAMS 0x00000000e4700000, 0x00000000e4600000| Complete 
|  71|0x00000000e4700000, 0x00000000e4800000, 0x00000000e4800000|100%| O|  |TAMS 0x00000000e4800000, 0x00000000e4700000| Complete 
|  72|0x00000000e4800000, 0x00000000e4900000, 0x00000000e4900000|100%| O|  |TAMS 0x00000000e4900000, 0x00000000e4800000| Complete 
|  73|0x00000000e4900000, 0x00000000e4a00000, 0x00000000e4a00000|100%| O|  |TAMS 0x00000000e4a00000, 0x00000000e4900000| Complete 
|  74|0x00000000e4a00000, 0x00000000e4b00000, 0x00000000e4b00000|100%| O|  |TAMS 0x00000000e4b00000, 0x00000000e4a00000| Complete 
|  75|0x00000000e4b00000, 0x00000000e4c00000, 0x00000000e4c00000|100%| O|  |TAMS 0x00000000e4c00000, 0x00000000e4b00000| Complete 
|  76|0x00000000e4c00000, 0x00000000e4d00000, 0x00000000e4d00000|100%| O|  |TAMS 0x00000000e4d00000, 0x00000000e4c00000| Complete 
|  77|0x00000000e4d00000, 0x00000000e4e00000, 0x00000000e4e00000|100%| O|  |TAMS 0x00000000e4e00000, 0x00000000e4d00000| Untracked 
|  78|0x00000000e4e00000, 0x00000000e4f00000, 0x00000000e4f00000|100%| O|  |TAMS 0x00000000e4f00000, 0x00000000e4e00000| Untracked 
|  79|0x00000000e4f00000, 0x00000000e5000000, 0x00000000e5000000|100%| O|  |TAMS 0x00000000e5000000, 0x00000000e4f00000| Complete 
|  80|0x00000000e5000000, 0x00000000e5100000, 0x00000000e5100000|100%| O|  |TAMS 0x00000000e5100000, 0x00000000e5000000| Complete 
|  81|0x00000000e5100000, 0x00000000e5200000, 0x00000000e5200000|100%| O|  |TAMS 0x00000000e5200000, 0x00000000e5100000| Complete 
|  82|0x00000000e5200000, 0x00000000e5300000, 0x00000000e5300000|100%| O|  |TAMS 0x00000000e5300000, 0x00000000e5200000| Complete 
|  83|0x00000000e5300000, 0x00000000e5400000, 0x00000000e5400000|100%| O|  |TAMS 0x00000000e5400000, 0x00000000e5300000| Complete 
|  84|0x00000000e5400000, 0x00000000e5500000, 0x00000000e5500000|100%| O|  |TAMS 0x00000000e5500000, 0x00000000e5400000| Complete 
|  85|0x00000000e5500000, 0x00000000e5600000, 0x00000000e5600000|100%| O|  |TAMS 0x00000000e5500000, 0x00000000e5500000| Untracked 
|  86|0x00000000e5600000, 0x00000000e5700000, 0x00000000e5700000|100%| O|  |TAMS 0x00000000e5700000, 0x00000000e5600000| Complete 
|  87|0x00000000e5700000, 0x00000000e5800000, 0x00000000e5800000|100%| O|  |TAMS 0x00000000e5800000, 0x00000000e5700000| Complete 
|  88|0x00000000e5800000, 0x00000000e5900000, 0x00000000e5900000|100%| O|  |TAMS 0x00000000e5900000, 0x00000000e5800000| Complete 
|  89|0x00000000e5900000, 0x00000000e5a00000, 0x00000000e5a00000|100%| O|  |TAMS 0x00000000e5900000, 0x00000000e5900000| Untracked 
|  90|0x00000000e5a00000, 0x00000000e5b00000, 0x00000000e5b00000|100%| O|CS|TAMS 0x00000000e5b00000, 0x00000000e5a00000| Complete 
|  91|0x00000000e5b00000, 0x00000000e5c00000, 0x00000000e5c00000|100%| O|  |TAMS 0x00000000e5c00000, 0x00000000e5b00000| Complete 
|  92|0x00000000e5c00000, 0x00000000e5d00000, 0x00000000e5d00000|100%| O|  |TAMS 0x00000000e5d00000, 0x00000000e5c00000| Complete 
|  93|0x00000000e5d00000, 0x00000000e5e00000, 0x00000000e5e00000|100%| O|  |TAMS 0x00000000e5e00000, 0x00000000e5d00000| Complete 
|  94|0x00000000e5e00000, 0x00000000e5f00000, 0x00000000e5f00000|100%| O|  |TAMS 0x00000000e5f00000, 0x00000000e5e00000| Untracked 
|  95|0x00000000e5f00000, 0x00000000e6000000, 0x00000000e6000000|100%| O|  |TAMS 0x00000000e6000000, 0x00000000e5f00000| Untracked 
|  96|0x00000000e6000000, 0x00000000e6100000, 0x00000000e6100000|100%| O|CS|TAMS 0x00000000e6100000, 0x00000000e6000000| Complete 
|  97|0x00000000e6100000, 0x00000000e6200000, 0x00000000e6200000|100%| O|  |TAMS 0x00000000e6200000, 0x00000000e6100000| Complete 
|  98|0x00000000e6200000, 0x00000000e6300000, 0x00000000e6300000|100%| O|  |TAMS 0x00000000e6200000, 0x00000000e6200000| Untracked 
|  99|0x00000000e6300000, 0x00000000e6400000, 0x00000000e6400000|100%| O|  |TAMS 0x00000000e6300000, 0x00000000e6300000| Untracked 
| 100|0x00000000e6400000, 0x00000000e6500000, 0x00000000e6500000|100%| O|CS|TAMS 0x00000000e6500000, 0x00000000e6400000| Complete 
| 101|0x00000000e6500000, 0x00000000e6600000, 0x00000000e6600000|100%| O|  |TAMS 0x00000000e6600000, 0x00000000e6500000| Complete 
| 102|0x00000000e6600000, 0x00000000e6700000, 0x00000000e6700000|100%| O|CS|TAMS 0x00000000e6700000, 0x00000000e6600000| Complete 
| 103|0x00000000e6700000, 0x00000000e6800000, 0x00000000e6800000|100%| O|CS|TAMS 0x00000000e6800000, 0x00000000e6700000| Complete 
| 104|0x00000000e6800000, 0x00000000e6900000, 0x00000000e6900000|100%| O|CS|TAMS 0x00000000e6900000, 0x00000000e6800000| Complete 
| 105|0x00000000e6900000, 0x00000000e6a00000, 0x00000000e6a00000|100%| O|  |TAMS 0x00000000e6a00000, 0x00000000e6900000| Complete 
| 106|0x00000000e6a00000, 0x00000000e6b00000, 0x00000000e6b00000|100%| O|CS|TAMS 0x00000000e6b00000, 0x00000000e6a00000| Complete 
| 107|0x00000000e6b00000, 0x00000000e6c00000, 0x00000000e6c00000|100%| O|CS|TAMS 0x00000000e6c00000, 0x00000000e6b00000| Complete 
| 108|0x00000000e6c00000, 0x00000000e6d00000, 0x00000000e6d00000|100%| O|CS|TAMS 0x00000000e6d00000, 0x00000000e6c00000| Complete 
| 109|0x00000000e6d00000, 0x00000000e6e00000, 0x00000000e6e00000|100%| O|CS|TAMS 0x00000000e6e00000, 0x00000000e6d00000| Complete 
| 110|0x00000000e6e00000, 0x00000000e6f00000, 0x00000000e6f00000|100%| O|CS|TAMS 0x00000000e6f00000, 0x00000000e6e00000| Complete 
| 111|0x00000000e6f00000, 0x00000000e7000000, 0x00000000e7000000|100%| O|CS|TAMS 0x00000000e7000000, 0x00000000e6f00000| Complete 
| 112|0x00000000e7000000, 0x00000000e7100000, 0x00000000e7100000|100%| O|  |TAMS 0x00000000e7000000, 0x00000000e7000000| Untracked 
| 113|0x00000000e7100000, 0x00000000e7200000, 0x00000000e7200000|100%| O|CS|TAMS 0x00000000e7200000, 0x00000000e7100000| Complete 
| 114|0x00000000e7200000, 0x00000000e7300000, 0x00000000e7300000|100%| O|CS|TAMS 0x00000000e7300000, 0x00000000e7200000| Complete 
| 115|0x00000000e7300000, 0x00000000e7400000, 0x00000000e7400000|100%| O|CS|TAMS 0x00000000e7400000, 0x00000000e7300000| Complete 
| 116|0x00000000e7400000, 0x00000000e7500000, 0x00000000e7500000|100%| O|CS|TAMS 0x00000000e7500000, 0x00000000e7400000| Complete 
| 117|0x00000000e7500000, 0x00000000e7600000, 0x00000000e7600000|100%| O|  |TAMS 0x00000000e7600000, 0x00000000e7500000| Complete 
| 118|0x00000000e7600000, 0x00000000e7700000, 0x00000000e7700000|100%| O|  |TAMS 0x00000000e7700000, 0x00000000e7600000| Untracked 
| 119|0x00000000e7700000, 0x00000000e7800000, 0x00000000e7800000|100%| O|  |TAMS 0x00000000e7800000, 0x00000000e7700000| Untracked 
| 120|0x00000000e7800000, 0x00000000e7900000, 0x00000000e7900000|100%| O|  |TAMS 0x00000000e7900000, 0x00000000e7800000| Untracked 
| 121|0x00000000e7900000, 0x00000000e7a00000, 0x00000000e7a00000|100%| O|  |TAMS 0x00000000e7a00000, 0x00000000e7900000| Untracked 
| 122|0x00000000e7a00000, 0x00000000e7b00000, 0x00000000e7b00000|100%| O|  |TAMS 0x00000000e7b00000, 0x00000000e7a00000| Complete 
| 123|0x00000000e7b00000, 0x00000000e7c00000, 0x00000000e7c00000|100%| O|CS|TAMS 0x00000000e7c00000, 0x00000000e7b00000| Complete 
| 124|0x00000000e7c00000, 0x00000000e7d00000, 0x00000000e7d00000|100%| O|  |TAMS 0x00000000e7d00000, 0x00000000e7c00000| Complete 
| 125|0x00000000e7d00000, 0x00000000e7e00000, 0x00000000e7e00000|100%| O|  |TAMS 0x00000000e7e00000, 0x00000000e7d00000| Complete 
| 126|0x00000000e7e00000, 0x00000000e7f00000, 0x00000000e7f00000|100%| O|  |TAMS 0x00000000e7f00000, 0x00000000e7e00000| Complete 
| 127|0x00000000e7f00000, 0x00000000e8000000, 0x00000000e8000000|100%| O|  |TAMS 0x00000000e8000000, 0x00000000e7f00000| Untracked 
| 128|0x00000000e8000000, 0x00000000e8100000, 0x00000000e8100000|100%| O|  |TAMS 0x00000000e8100000, 0x00000000e8000000| Untracked 
| 129|0x00000000e8100000, 0x00000000e8200000, 0x00000000e8200000|100%| O|  |TAMS 0x00000000e8200000, 0x00000000e8100000| Untracked 
| 130|0x00000000e8200000, 0x00000000e8300000, 0x00000000e8300000|100%| O|  |TAMS 0x00000000e8300000, 0x00000000e8200000| Complete 
| 131|0x00000000e8300000, 0x00000000e8400000, 0x00000000e8400000|100%| O|  |TAMS 0x00000000e8400000, 0x00000000e8300000| Complete 
| 132|0x00000000e8400000, 0x00000000e8500000, 0x00000000e8500000|100%| O|  |TAMS 0x00000000e84f8200, 0x00000000e8400000| Untracked 
| 133|0x00000000e8500000, 0x00000000e8600000, 0x00000000e8600000|100%| O|  |TAMS 0x00000000e8500000, 0x00000000e8500000| Untracked 
| 134|0x00000000e8600000, 0x00000000e8700000, 0x00000000e8700000|100%| O|  |TAMS 0x00000000e8600000, 0x00000000e8600000| Untracked 
| 135|0x00000000e8700000, 0x00000000e8800000, 0x00000000e8800000|100%| O|  |TAMS 0x00000000e8700000, 0x00000000e8700000| Untracked 
| 136|0x00000000e8800000, 0x00000000e8881a18, 0x00000000e8900000| 50%| O|  |TAMS 0x00000000e8800000, 0x00000000e8800000| Untracked 
| 137|0x00000000e8900000, 0x00000000e8900000, 0x00000000e8a00000|  0%| F|  |TAMS 0x00000000e8900000, 0x00000000e8900000| Untracked 
| 138|0x00000000e8a00000, 0x00000000e8a00000, 0x00000000e8b00000|  0%| F|  |TAMS 0x00000000e8a00000, 0x00000000e8a00000| Untracked 
| 139|0x00000000e8b00000, 0x00000000e8b00000, 0x00000000e8c00000|  0%| F|  |TAMS 0x00000000e8b00000, 0x00000000e8b00000| Untracked 
| 140|0x00000000e8c00000, 0x00000000e8c00000, 0x00000000e8d00000|  0%| F|  |TAMS 0x00000000e8c00000, 0x00000000e8c00000| Untracked 
| 141|0x00000000e8d00000, 0x00000000e8d00000, 0x00000000e8e00000|  0%| F|  |TAMS 0x00000000e8d00000, 0x00000000e8d00000| Untracked 
| 142|0x00000000e8e00000, 0x00000000e8e00000, 0x00000000e8f00000|  0%| F|  |TAMS 0x00000000e8e00000, 0x00000000e8e00000| Untracked 
| 143|0x00000000e8f00000, 0x00000000e8f00000, 0x00000000e9000000|  0%| F|  |TAMS 0x00000000e8f00000, 0x00000000e8f00000| Untracked 
| 144|0x00000000e9000000, 0x00000000e9000000, 0x00000000e9100000|  0%| F|  |TAMS 0x00000000e9000000, 0x00000000e9000000| Untracked 
| 145|0x00000000e9100000, 0x00000000e9100000, 0x00000000e9200000|  0%| F|  |TAMS 0x00000000e9100000, 0x00000000e9100000| Untracked 
| 146|0x00000000e9200000, 0x00000000e9200000, 0x00000000e9300000|  0%| F|  |TAMS 0x00000000e9200000, 0x00000000e9200000| Untracked 
| 147|0x00000000e9300000, 0x00000000e9300000, 0x00000000e9400000|  0%| F|  |TAMS 0x00000000e9300000, 0x00000000e9300000| Untracked 
| 148|0x00000000e9400000, 0x00000000e9400000, 0x00000000e9500000|  0%| F|  |TAMS 0x00000000e9400000, 0x00000000e9400000| Untracked 
| 149|0x00000000e9500000, 0x00000000e9500000, 0x00000000e9600000|  0%| F|  |TAMS 0x00000000e9500000, 0x00000000e9500000| Untracked 
| 150|0x00000000e9600000, 0x00000000e9600000, 0x00000000e9700000|  0%| F|  |TAMS 0x00000000e9600000, 0x00000000e9600000| Untracked 
| 151|0x00000000e9700000, 0x00000000e9700000, 0x00000000e9800000|  0%| F|  |TAMS 0x00000000e9700000, 0x00000000e9700000| Untracked 
| 152|0x00000000e9800000, 0x00000000e9800000, 0x00000000e9900000|  0%| F|  |TAMS 0x00000000e9800000, 0x00000000e9800000| Untracked 
| 153|0x00000000e9900000, 0x00000000e9900000, 0x00000000e9a00000|  0%| F|  |TAMS 0x00000000e9900000, 0x00000000e9900000| Untracked 
| 154|0x00000000e9a00000, 0x00000000e9a00000, 0x00000000e9b00000|  0%| F|  |TAMS 0x00000000e9a00000, 0x00000000e9a00000| Untracked 
| 155|0x00000000e9b00000, 0x00000000e9b00000, 0x00000000e9c00000|  0%| F|  |TAMS 0x00000000e9b00000, 0x00000000e9b00000| Untracked 
| 156|0x00000000e9c00000, 0x00000000e9c00000, 0x00000000e9d00000|  0%| F|  |TAMS 0x00000000e9c00000, 0x00000000e9c00000| Untracked 
| 157|0x00000000e9d00000, 0x00000000e9d00000, 0x00000000e9e00000|  0%| F|  |TAMS 0x00000000e9d00000, 0x00000000e9d00000| Untracked 
| 158|0x00000000e9e00000, 0x00000000e9e00000, 0x00000000e9f00000|  0%| F|  |TAMS 0x00000000e9e00000, 0x00000000e9e00000| Untracked 
| 159|0x00000000e9f00000, 0x00000000e9f00000, 0x00000000ea000000|  0%| F|  |TAMS 0x00000000e9f00000, 0x00000000e9f00000| Untracked 
| 160|0x00000000ea000000, 0x00000000ea000000, 0x00000000ea100000|  0%| F|  |TAMS 0x00000000ea000000, 0x00000000ea000000| Untracked 
| 161|0x00000000ea100000, 0x00000000ea100000, 0x00000000ea200000|  0%| F|  |TAMS 0x00000000ea100000, 0x00000000ea100000| Untracked 
| 162|0x00000000ea200000, 0x00000000ea200000, 0x00000000ea300000|  0%| F|  |TAMS 0x00000000ea200000, 0x00000000ea200000| Untracked 
| 163|0x00000000ea300000, 0x00000000ea300000, 0x00000000ea400000|  0%| F|  |TAMS 0x00000000ea300000, 0x00000000ea300000| Untracked 
| 164|0x00000000ea400000, 0x00000000ea400000, 0x00000000ea500000|  0%| F|  |TAMS 0x00000000ea400000, 0x00000000ea400000| Untracked 
| 165|0x00000000ea500000, 0x00000000ea500000, 0x00000000ea600000|  0%| F|  |TAMS 0x00000000ea500000, 0x00000000ea500000| Untracked 
| 166|0x00000000ea600000, 0x00000000ea600000, 0x00000000ea700000|  0%| F|  |TAMS 0x00000000ea600000, 0x00000000ea600000| Untracked 
| 167|0x00000000ea700000, 0x00000000ea700000, 0x00000000ea800000|  0%| F|  |TAMS 0x00000000ea700000, 0x00000000ea700000| Untracked 
| 168|0x00000000ea800000, 0x00000000ea827c80, 0x00000000ea900000| 15%| E|CS|TAMS 0x00000000ea800000, 0x00000000ea800000| Complete 
| 169|0x00000000ea900000, 0x00000000eaa00000, 0x00000000eaa00000|100%| E|CS|TAMS 0x00000000ea900000, 0x00000000ea900000| Complete 
| 170|0x00000000eaa00000, 0x00000000eab00000, 0x00000000eab00000|100%| E|CS|TAMS 0x00000000eaa00000, 0x00000000eaa00000| Complete 
| 171|0x00000000eab00000, 0x00000000eac00000, 0x00000000eac00000|100%| E|CS|TAMS 0x00000000eab00000, 0x00000000eab00000| Complete 
| 172|0x00000000eac00000, 0x00000000ead00000, 0x00000000ead00000|100%| E|CS|TAMS 0x00000000eac00000, 0x00000000eac00000| Complete 
| 173|0x00000000ead00000, 0x00000000ead00000, 0x00000000eae00000|  0%| F|  |TAMS 0x00000000ead00000, 0x00000000ead00000| Untracked 
| 174|0x00000000eae00000, 0x00000000eae00000, 0x00000000eaf00000|  0%| F|  |TAMS 0x00000000eae00000, 0x00000000eae00000| Untracked 
| 175|0x00000000eaf00000, 0x00000000eaf00000, 0x00000000eb000000|  0%| F|  |TAMS 0x00000000eaf00000, 0x00000000eaf00000| Untracked 
| 176|0x00000000eb000000, 0x00000000eb000000, 0x00000000eb100000|  0%| F|  |TAMS 0x00000000eb000000, 0x00000000eb000000| Untracked 
| 177|0x00000000eb100000, 0x00000000eb200000, 0x00000000eb200000|100%| E|CS|TAMS 0x00000000eb100000, 0x00000000eb100000| Complete 
| 178|0x00000000eb200000, 0x00000000eb300000, 0x00000000eb300000|100%| E|CS|TAMS 0x00000000eb200000, 0x00000000eb200000| Complete 
| 179|0x00000000eb300000, 0x00000000eb300000, 0x00000000eb400000|  0%| F|  |TAMS 0x00000000eb300000, 0x00000000eb300000| Untracked 
| 180|0x00000000eb400000, 0x00000000eb400000, 0x00000000eb500000|  0%| F|  |TAMS 0x00000000eb400000, 0x00000000eb400000| Untracked 
| 181|0x00000000eb500000, 0x00000000eb500000, 0x00000000eb600000|  0%| F|  |TAMS 0x00000000eb500000, 0x00000000eb500000| Untracked 
| 182|0x00000000eb600000, 0x00000000eb600000, 0x00000000eb700000|  0%| F|  |TAMS 0x00000000eb600000, 0x00000000eb600000| Untracked 
| 183|0x00000000eb700000, 0x00000000eb700000, 0x00000000eb800000|  0%| F|  |TAMS 0x00000000eb700000, 0x00000000eb700000| Untracked 
| 184|0x00000000eb800000, 0x00000000eb800000, 0x00000000eb900000|  0%| F|  |TAMS 0x00000000eb800000, 0x00000000eb800000| Untracked 
| 185|0x00000000eb900000, 0x00000000eb900000, 0x00000000eba00000|  0%| F|  |TAMS 0x00000000eb900000, 0x00000000eb900000| Untracked 
| 186|0x00000000eba00000, 0x00000000eba00000, 0x00000000ebb00000|  0%| F|  |TAMS 0x00000000eba00000, 0x00000000eba00000| Untracked 
| 187|0x00000000ebb00000, 0x00000000ebb00000, 0x00000000ebc00000|  0%| F|  |TAMS 0x00000000ebb00000, 0x00000000ebb00000| Untracked 
| 188|0x00000000ebc00000, 0x00000000ebc00000, 0x00000000ebd00000|  0%| F|  |TAMS 0x00000000ebc00000, 0x00000000ebc00000| Untracked 
| 189|0x00000000ebd00000, 0x00000000ebd00000, 0x00000000ebe00000|  0%| F|  |TAMS 0x00000000ebd00000, 0x00000000ebd00000| Untracked 
| 190|0x00000000ebe00000, 0x00000000ebe00000, 0x00000000ebf00000|  0%| F|  |TAMS 0x00000000ebe00000, 0x00000000ebe00000| Untracked 
| 191|0x00000000ebf00000, 0x00000000ebf00000, 0x00000000ec000000|  0%| F|  |TAMS 0x00000000ebf00000, 0x00000000ebf00000| Untracked 
| 192|0x00000000ec000000, 0x00000000ec000000, 0x00000000ec100000|  0%| F|  |TAMS 0x00000000ec000000, 0x00000000ec000000| Untracked 
| 193|0x00000000ec100000, 0x00000000ec100000, 0x00000000ec200000|  0%| F|  |TAMS 0x00000000ec100000, 0x00000000ec100000| Untracked 
| 194|0x00000000ec200000, 0x00000000ec200000, 0x00000000ec300000|  0%| F|  |TAMS 0x00000000ec200000, 0x00000000ec200000| Untracked 
| 195|0x00000000ec300000, 0x00000000ec300000, 0x00000000ec400000|  0%| F|  |TAMS 0x00000000ec300000, 0x00000000ec300000| Untracked 
| 196|0x00000000ec400000, 0x00000000ec400000, 0x00000000ec500000|  0%| F|  |TAMS 0x00000000ec400000, 0x00000000ec400000| Untracked 
| 197|0x00000000ec500000, 0x00000000ec500000, 0x00000000ec600000|  0%| F|  |TAMS 0x00000000ec500000, 0x00000000ec500000| Untracked 
| 198|0x00000000ec600000, 0x00000000ec600000, 0x00000000ec700000|  0%| F|  |TAMS 0x00000000ec600000, 0x00000000ec600000| Untracked 
| 199|0x00000000ec700000, 0x00000000ec700000, 0x00000000ec800000|  0%| F|  |TAMS 0x00000000ec700000, 0x00000000ec700000| Untracked 
| 200|0x00000000ec800000, 0x00000000ec800000, 0x00000000ec900000|  0%| F|  |TAMS 0x00000000ec800000, 0x00000000ec800000| Untracked 
| 201|0x00000000ec900000, 0x00000000ec900000, 0x00000000eca00000|  0%| F|  |TAMS 0x00000000ec900000, 0x00000000ec900000| Untracked 
| 202|0x00000000eca00000, 0x00000000eca00000, 0x00000000ecb00000|  0%| F|  |TAMS 0x00000000eca00000, 0x00000000eca00000| Untracked 
| 203|0x00000000ecb00000, 0x00000000ecb00000, 0x00000000ecc00000|  0%| F|  |TAMS 0x00000000ecb00000, 0x00000000ecb00000| Untracked 
| 204|0x00000000ecc00000, 0x00000000ecc00000, 0x00000000ecd00000|  0%| F|  |TAMS 0x00000000ecc00000, 0x00000000ecc00000| Untracked 
| 205|0x00000000ecd00000, 0x00000000ecd00000, 0x00000000ece00000|  0%| F|  |TAMS 0x00000000ecd00000, 0x00000000ecd00000| Untracked 
| 206|0x00000000ece00000, 0x00000000ece00000, 0x00000000ecf00000|  0%| F|  |TAMS 0x00000000ece00000, 0x00000000ece00000| Untracked 
| 207|0x00000000ecf00000, 0x00000000ecf00000, 0x00000000ed000000|  0%| F|  |TAMS 0x00000000ecf00000, 0x00000000ecf00000| Untracked 
| 208|0x00000000ed000000, 0x00000000ed000000, 0x00000000ed100000|  0%| F|  |TAMS 0x00000000ed000000, 0x00000000ed000000| Untracked 
| 209|0x00000000ed100000, 0x00000000ed100000, 0x00000000ed200000|  0%| F|  |TAMS 0x00000000ed100000, 0x00000000ed100000| Untracked 
| 210|0x00000000ed200000, 0x00000000ed200000, 0x00000000ed300000|  0%| F|  |TAMS 0x00000000ed200000, 0x00000000ed200000| Untracked 
| 211|0x00000000ed300000, 0x00000000ed300000, 0x00000000ed400000|  0%| F|  |TAMS 0x00000000ed300000, 0x00000000ed300000| Untracked 
| 212|0x00000000ed400000, 0x00000000ed400000, 0x00000000ed500000|  0%| F|  |TAMS 0x00000000ed400000, 0x00000000ed400000| Untracked 
| 213|0x00000000ed500000, 0x00000000ed500000, 0x00000000ed600000|  0%| F|  |TAMS 0x00000000ed500000, 0x00000000ed500000| Untracked 
| 214|0x00000000ed600000, 0x00000000ed600000, 0x00000000ed700000|  0%| F|  |TAMS 0x00000000ed600000, 0x00000000ed600000| Untracked 
| 215|0x00000000ed700000, 0x00000000ed700000, 0x00000000ed800000|  0%| F|  |TAMS 0x00000000ed700000, 0x00000000ed700000| Untracked 
| 216|0x00000000ed800000, 0x00000000ed800000, 0x00000000ed900000|  0%| F|  |TAMS 0x00000000ed800000, 0x00000000ed800000| Untracked 
| 217|0x00000000ed900000, 0x00000000ed900000, 0x00000000eda00000|  0%| F|  |TAMS 0x00000000ed900000, 0x00000000ed900000| Untracked 
| 218|0x00000000eda00000, 0x00000000eda00000, 0x00000000edb00000|  0%| F|  |TAMS 0x00000000eda00000, 0x00000000eda00000| Untracked 
| 219|0x00000000edb00000, 0x00000000edb00000, 0x00000000edc00000|  0%| F|  |TAMS 0x00000000edb00000, 0x00000000edb00000| Untracked 
| 220|0x00000000edc00000, 0x00000000edc00000, 0x00000000edd00000|  0%| F|  |TAMS 0x00000000edc00000, 0x00000000edc00000| Untracked 
| 221|0x00000000edd00000, 0x00000000edd00000, 0x00000000ede00000|  0%| F|  |TAMS 0x00000000edd00000, 0x00000000edd00000| Untracked 
| 222|0x00000000ede00000, 0x00000000ede00000, 0x00000000edf00000|  0%| F|  |TAMS 0x00000000ede00000, 0x00000000ede00000| Untracked 
| 223|0x00000000edf00000, 0x00000000edf00000, 0x00000000ee000000|  0%| F|  |TAMS 0x00000000edf00000, 0x00000000edf00000| Untracked 
| 224|0x00000000ee000000, 0x00000000ee000000, 0x00000000ee100000|  0%| F|  |TAMS 0x00000000ee000000, 0x00000000ee000000| Untracked 
| 225|0x00000000ee100000, 0x00000000ee100000, 0x00000000ee200000|  0%| F|  |TAMS 0x00000000ee100000, 0x00000000ee100000| Untracked 
| 226|0x00000000ee200000, 0x00000000ee200000, 0x00000000ee300000|  0%| F|  |TAMS 0x00000000ee200000, 0x00000000ee200000| Untracked 
| 227|0x00000000ee300000, 0x00000000ee300000, 0x00000000ee400000|  0%| F|  |TAMS 0x00000000ee300000, 0x00000000ee300000| Untracked 
| 228|0x00000000ee400000, 0x00000000ee400000, 0x00000000ee500000|  0%| F|  |TAMS 0x00000000ee400000, 0x00000000ee400000| Untracked 
| 229|0x00000000ee500000, 0x00000000ee500000, 0x00000000ee600000|  0%| F|  |TAMS 0x00000000ee500000, 0x00000000ee500000| Untracked 
| 230|0x00000000ee600000, 0x00000000ee600000, 0x00000000ee700000|  0%| F|  |TAMS 0x00000000ee600000, 0x00000000ee600000| Untracked 
| 231|0x00000000ee700000, 0x00000000ee700000, 0x00000000ee800000|  0%| F|  |TAMS 0x00000000ee700000, 0x00000000ee700000| Untracked 
| 232|0x00000000ee800000, 0x00000000ee800000, 0x00000000ee900000|  0%| F|  |TAMS 0x00000000ee800000, 0x00000000ee800000| Untracked 
| 233|0x00000000ee900000, 0x00000000ee900000, 0x00000000eea00000|  0%| F|  |TAMS 0x00000000ee900000, 0x00000000ee900000| Untracked 
| 234|0x00000000eea00000, 0x00000000eea00000, 0x00000000eeb00000|  0%| F|  |TAMS 0x00000000eea00000, 0x00000000eea00000| Untracked 
| 235|0x00000000eeb00000, 0x00000000eeb00000, 0x00000000eec00000|  0%| F|  |TAMS 0x00000000eeb00000, 0x00000000eeb00000| Untracked 
| 236|0x00000000eec00000, 0x00000000eec00000, 0x00000000eed00000|  0%| F|  |TAMS 0x00000000eec00000, 0x00000000eec00000| Untracked 
| 237|0x00000000eed00000, 0x00000000eed00000, 0x00000000eee00000|  0%| F|  |TAMS 0x00000000eed00000, 0x00000000eed00000| Untracked 
| 238|0x00000000eee00000, 0x00000000eee00000, 0x00000000eef00000|  0%| F|  |TAMS 0x00000000eee00000, 0x00000000eee00000| Untracked 
| 239|0x00000000eef00000, 0x00000000eef00000, 0x00000000ef000000|  0%| F|  |TAMS 0x00000000eef00000, 0x00000000eef00000| Untracked 
| 240|0x00000000ef000000, 0x00000000ef000000, 0x00000000ef100000|  0%| F|  |TAMS 0x00000000ef000000, 0x00000000ef000000| Untracked 
| 241|0x00000000ef100000, 0x00000000ef100000, 0x00000000ef200000|  0%| F|  |TAMS 0x00000000ef100000, 0x00000000ef100000| Untracked 
| 242|0x00000000ef200000, 0x00000000ef200000, 0x00000000ef300000|  0%| F|  |TAMS 0x00000000ef200000, 0x00000000ef200000| Untracked 
| 243|0x00000000ef300000, 0x00000000ef300000, 0x00000000ef400000|  0%| F|  |TAMS 0x00000000ef300000, 0x00000000ef300000| Untracked 
| 244|0x00000000ef400000, 0x00000000ef400000, 0x00000000ef500000|  0%| F|  |TAMS 0x00000000ef400000, 0x00000000ef400000| Untracked 
| 245|0x00000000ef500000, 0x00000000ef500000, 0x00000000ef600000|  0%| F|  |TAMS 0x00000000ef500000, 0x00000000ef500000| Untracked 
| 246|0x00000000ef600000, 0x00000000ef600000, 0x00000000ef700000|  0%| F|  |TAMS 0x00000000ef600000, 0x00000000ef600000| Untracked 
| 247|0x00000000ef700000, 0x00000000ef700000, 0x00000000ef800000|  0%| F|  |TAMS 0x00000000ef700000, 0x00000000ef700000| Untracked 
| 248|0x00000000ef800000, 0x00000000ef800000, 0x00000000ef900000|  0%| F|  |TAMS 0x00000000ef800000, 0x00000000ef800000| Untracked 
| 249|0x00000000ef900000, 0x00000000ef900000, 0x00000000efa00000|  0%| F|  |TAMS 0x00000000ef900000, 0x00000000ef900000| Untracked 
| 250|0x00000000efa00000, 0x00000000efa81760, 0x00000000efb00000| 50%| S|  |TAMS 0x00000000efa00000, 0x00000000efa00000| Complete 
| 251|0x00000000efb00000, 0x00000000efbfd2b0, 0x00000000efc00000| 98%| E|CS|TAMS 0x00000000efb00000, 0x00000000efb00000| Complete 
| 252|0x00000000efc00000, 0x00000000efd00000, 0x00000000efd00000|100%| E|CS|TAMS 0x00000000efc00000, 0x00000000efc00000| Complete 
| 253|0x00000000efd00000, 0x00000000efe00000, 0x00000000efe00000|100%| E|CS|TAMS 0x00000000efd00000, 0x00000000efd00000| Complete 
| 254|0x00000000efe00000, 0x00000000eff00000, 0x00000000eff00000|100%| E|CS|TAMS 0x00000000efe00000, 0x00000000efe00000| Complete 
| 255|0x00000000eff00000, 0x00000000f0000000, 0x00000000f0000000|100%| E|CS|TAMS 0x00000000eff00000, 0x00000000eff00000| Complete 

Card table byte_map: [0x000000001ab30000,0x000000001ac30000] _byte_map_base: 0x000000001a430000

Marking Bits (Prev, Next): (CMBitMap*) 0x0000000000281630, (CMBitMap*) 0x00000000002815f8
 Prev Bits: [0x000000001b530000, 0x000000001bd30000)
 Next Bits: [0x000000001ad30000, 0x000000001b530000)

Polling page: 0x0000000000340000

Metaspace:

Usage:
  Non-class:     83.74 MB capacity,    81.83 MB ( 98%) used,     1.59 MB (  2%) free+waste,   316.56 KB ( <1%) overhead. 
      Class:     12.89 MB capacity,    11.81 MB ( 92%) used,   956.76 KB (  7%) free+waste,   144.81 KB (  1%) overhead. 
       Both:     96.63 MB capacity,    93.65 MB ( 97%) used,     2.53 MB (  3%) free+waste,   461.38 KB ( <1%) overhead. 

Virtual space:
  Non-class space:       86.00 MB reserved,      85.64 MB (>99%) committed 
      Class space:      248.00 MB reserved,      13.38 MB (  5%) committed 
             Both:      334.00 MB reserved,      99.01 MB ( 30%) committed 

Chunk freelists:
   Non-Class:  1.83 MB
       Class:  466.00 KB
        Both:  2.28 MB

MaxMetaspaceSize: 256.00 MB
CompressedClassSpaceSize: 248.00 MB
Initial GC threshold: 20.80 MB
Current GC threshold: 165.02 MB
CDS: off

CodeHeap 'non-profiled nmethods': size=120000Kb used=10849Kb max_used=11355Kb free=109150Kb
 bounds [0x0000000012b70000, 0x0000000013690000, 0x000000001a0a0000]
CodeHeap 'profiled nmethods': size=120000Kb used=35583Kb max_used=36441Kb free=84416Kb
 bounds [0x000000000b640000, 0x000000000d9e0000, 0x0000000012b70000]
CodeHeap 'non-nmethods': size=5760Kb used=2405Kb max_used=2459Kb free=3354Kb
 bounds [0x000000000b0a0000, 0x000000000b320000, 0x000000000b640000]
 total_blobs=16419 nmethods=15489 adapters=842
 compilation: enabled
              stopped_count=0, restarted_count=0
 full_count=0

Compilation events (20 events):
Event: 869.699 Thread 0x000000001f786800 nmethod 16425 0x000000000b952790 code [0x000000000b9529a0, 0x000000000b952ed8]
Event: 869.699 Thread 0x000000001f786800 16427       3       org.gradle.api.internal.artifacts.ivyservice.ivyresolve.strategy.CachingVersionSelectorScheme::renderSelector (11 bytes)
Event: 869.699 Thread 0x000000001f786800 nmethod 16427 0x000000000b75ee90 code [0x000000000b75f040, 0x000000000b75f208]
Event: 869.699 Thread 0x000000001f786800 16428       3       org.gradle.api.internal.artifacts.ivyservice.ivyresolve.strategy.DefaultVersionSelectorScheme::renderSelector (7 bytes)
Event: 869.699 Thread 0x000000001f786800 nmethod 16428 0x000000000bb3ba90 code [0x000000000bb3bc40, 0x000000000bb3be08]
Event: 869.699 Thread 0x000000001f786800 16429       3       org.gradle.api.internal.artifacts.ivyservice.ivyresolve.parser.GradlePomModuleDescriptorBuilder::addConstraint (9 bytes)
Event: 869.699 Thread 0x000000001f786800 nmethod 16429 0x000000000bd6ed90 code [0x000000000bd6ef40, 0x000000000bd6f068]
Event: 869.699 Thread 0x000000001f786800 16430       3       org.gradle.api.internal.artifacts.ivyservice.ivyresolve.parser.GradlePomModuleDescriptorBuilder::determineVersion (39 bytes)
Event: 869.701 Thread 0x000000001f786800 nmethod 16430 0x000000000b7d3410 code [0x000000000b7d3860, 0x000000000b7d55f8]
Event: 869.701 Thread 0x000000001f786800 16426       3       org.apache.ivy.core.settings.IvyVariableContainerImpl::getVariable (54 bytes)
Event: 869.701 Thread 0x000000001f786800 nmethod 16426 0x000000000b951d10 code [0x000000000b951f20, 0x000000000b952478]
Event: 869.736 Thread 0x000000001f778800 nmethod 16409 0x0000000012cd5210 code [0x0000000012cd5780, 0x0000000012cd8260]
Event: 869.861 Thread 0x000000002e73a000 16435       4       org.gradle.internal.serialize.DefaultSerializerRegistry$TaggedTypeSerializer::map (110 bytes)
Event: 869.861 Thread 0x000000001f778800 16434       4       org.gradle.internal.serialize.DefaultSerializerRegistry$TaggedTypeSerializer::write (37 bytes)
Event: 869.871 Thread 0x000000002e73a000 nmethod 16435 0x0000000012c50710 code [0x0000000012c508e0, 0x0000000012c50be8]
Event: 869.872 Thread 0x000000001f778800 nmethod 16434 0x0000000012c4fb10 code [0x0000000012c4fd00, 0x0000000012c500f0]
Event: 870.164 Thread 0x000000002e73a000 16436       4       java.io.BufferedInputStream::fill (236 bytes)
Event: 870.171 Thread 0x000000002e73a000 nmethod 16436 0x0000000012d65c10 code [0x0000000012d65dc0, 0x0000000012d66278]
Event: 870.205 Thread 0x000000001f778800 16437       4       com.sun.crypto.provider.GaloisCounterMode::getBufferedLength (17 bytes)
Event: 870.207 Thread 0x000000001f778800 nmethod 16437 0x0000000012d65790 code [0x0000000012d65920, 0x0000000012d65b38]

GC Heap History (20 events):
Event: 358.826 GC heap after
{Heap after GC invocations=14 (full 0):
 garbage-first heap   total 262144K, used 100385K [0x00000000e0000000, 0x0000000100000000)
  region size 1024K, 12 young (12288K), 12 survivors (12288K)
 Metaspace       used 78234K, capacity 80525K, committed 80768K, reserved 325632K
  class space    used 10091K, capacity 10877K, committed 10880K, reserved 253952K
}
Event: 367.127 GC heap before
{Heap before GC invocations=14 (full 0):
 garbage-first heap   total 262144K, used 207905K [0x00000000e0000000, 0x0000000100000000)
  region size 1024K, 118 young (120832K), 12 survivors (12288K)
 Metaspace       used 80913K, capacity 83520K, committed 83712K, reserved 327680K
  class space    used 10331K, capacity 11205K, committed 11264K, reserved 253952K
}
Event: 367.139 GC heap after
{Heap after GC invocations=15 (full 0):
 garbage-first heap   total 262144K, used 104101K [0x00000000e0000000, 0x0000000100000000)
  region size 1024K, 10 young (10240K), 10 survivors (10240K)
 Metaspace       used 80913K, capacity 83520K, committed 83712K, reserved 327680K
  class space    used 10331K, capacity 11205K, committed 11264K, reserved 253952K
}
Event: 690.424 GC heap before
{Heap before GC invocations=15 (full 0):
 garbage-first heap   total 262144K, used 211621K [0x00000000e0000000, 0x0000000100000000)
  region size 1024K, 116 young (118784K), 10 survivors (10240K)
 Metaspace       used 83257K, capacity 86068K, committed 86144K, reserved 329728K
  class space    used 10658K, capacity 11644K, committed 11648K, reserved 253952K
}
Event: 690.437 GC heap after
{Heap after GC invocations=16 (full 0):
 garbage-first heap   total 262144K, used 109358K [0x00000000e0000000, 0x0000000100000000)
  region size 1024K, 10 young (10240K), 10 survivors (10240K)
 Metaspace       used 83257K, capacity 86068K, committed 86144K, reserved 329728K
  class space    used 10658K, capacity 11644K, committed 11648K, reserved 253952K
}
Event: 691.790 GC heap before
{Heap before GC invocations=16 (full 0):
 garbage-first heap   total 262144K, used 211758K [0x00000000e0000000, 0x0000000100000000)
  region size 1024K, 111 young (113664K), 10 survivors (10240K)
 Metaspace       used 92336K, capacity 95560K, committed 95616K, reserved 337920K
  class space    used 11812K, capacity 12913K, committed 12928K, reserved 253952K
}
Event: 691.803 GC heap after
{Heap after GC invocations=17 (full 0):
 garbage-first heap   total 262144K, used 117881K [0x00000000e0000000, 0x0000000100000000)
  region size 1024K, 14 young (14336K), 14 survivors (14336K)
 Metaspace       used 92336K, capacity 95560K, committed 95616K, reserved 337920K
  class space    used 11812K, capacity 12913K, committed 12928K, reserved 253952K
}
Event: 760.250 GC heap before
{Heap before GC invocations=17 (full 0):
 garbage-first heap   total 262144K, used 211065K [0x00000000e0000000, 0x0000000100000000)
  region size 1024K, 106 young (108544K), 14 survivors (14336K)
 Metaspace       used 96031K, capacity 99563K, committed 99840K, reserved 342016K
  class space    used 12243K, capacity 13496K, committed 13568K, reserved 253952K
}
Event: 760.263 GC heap after
{Heap after GC invocations=18 (full 0):
 garbage-first heap   total 262144K, used 120942K [0x00000000e0000000, 0x0000000100000000)
  region size 1024K, 6 young (6144K), 6 survivors (6144K)
 Metaspace       used 96031K, capacity 99563K, committed 99840K, reserved 342016K
  class space    used 12243K, capacity 13496K, committed 13568K, reserved 253952K
}
Event: 767.927 GC heap before
{Heap before GC invocations=18 (full 0):
 garbage-first heap   total 262144K, used 201838K [0x00000000e0000000, 0x0000000100000000)
  region size 1024K, 87 young (89088K), 6 survivors (6144K)
 Metaspace       used 97323K, capacity 100907K, committed 100992K, reserved 342016K
  class space    used 12359K, capacity 13616K, committed 13696K, reserved 253952K
}
Event: 767.951 GC heap after
{Heap after GC invocations=19 (full 0):
 garbage-first heap   total 262144K, used 132722K [0x00000000e0000000, 0x0000000100000000)
  region size 1024K, 13 young (13312K), 13 survivors (13312K)
 Metaspace       used 97323K, capacity 100907K, committed 100992K, reserved 342016K
  class space    used 12359K, capacity 13616K, committed 13696K, reserved 253952K
}
Event: 768.807 GC heap before
{Heap before GC invocations=20 (full 0):
 garbage-first heap   total 262144K, used 210546K [0x00000000e0000000, 0x0000000100000000)
  region size 1024K, 90 young (92160K), 13 survivors (13312K)
 Metaspace       used 96927K, capacity 100125K, committed 101388K, reserved 342016K
  class space    used 12222K, capacity 13359K, committed 13696K, reserved 253952K
}
Event: 768.818 GC heap after
{Heap after GC invocations=21 (full 0):
 garbage-first heap   total 262144K, used 135254K [0x00000000e0000000, 0x0000000100000000)
  region size 1024K, 8 young (8192K), 8 survivors (8192K)
 Metaspace       used 96927K, capacity 100125K, committed 101388K, reserved 342016K
  class space    used 12222K, capacity 13359K, committed 13696K, reserved 253952K
}
Event: 768.849 GC heap before
{Heap before GC invocations=21 (full 0):
 garbage-first heap   total 262144K, used 139350K [0x00000000e0000000, 0x0000000100000000)
  region size 1024K, 12 young (12288K), 8 survivors (8192K)
 Metaspace       used 96930K, capacity 100125K, committed 101388K, reserved 342016K
  class space    used 12222K, capacity 13359K, committed 13696K, reserved 253952K
}
Event: 768.857 GC heap after
{Heap after GC invocations=22 (full 0):
 garbage-first heap   total 262144K, used 132262K [0x00000000e0000000, 0x0000000100000000)
  region size 1024K, 2 young (2048K), 2 survivors (2048K)
 Metaspace       used 96930K, capacity 100125K, committed 101388K, reserved 342016K
  class space    used 12222K, capacity 13359K, committed 13696K, reserved 253952K
}
Event: 771.318 GC heap before
{Heap before GC invocations=22 (full 0):
 garbage-first heap   total 262144K, used 211110K [0x00000000e0000000, 0x0000000100000000)
  region size 1024K, 79 young (80896K), 2 survivors (2048K)
 Metaspace       used 97203K, capacity 100323K, committed 101388K, reserved 342016K
  class space    used 12247K, capacity 13375K, committed 13696K, reserved 253952K
}
Event: 771.323 GC heap after
{Heap after GC invocations=23 (full 0):
 garbage-first heap   total 262144K, used 135136K [0x00000000e0000000, 0x0000000100000000)
  region size 1024K, 4 young (4096K), 4 survivors (4096K)
 Metaspace       used 97203K, capacity 100323K, committed 101388K, reserved 342016K
  class space    used 12247K, capacity 13375K, committed 13696K, reserved 253952K
}
Event: 869.683 GC heap before
{Heap before GC invocations=24 (full 0):
 garbage-first heap   total 262144K, used 213984K [0x00000000e0000000, 0x0000000100000000)
  region size 1024K, 81 young (82944K), 4 survivors (4096K)
 Metaspace       used 95891K, capacity 98945K, committed 101388K, reserved 342016K
  class space    used 12096K, capacity 13198K, committed 13696K, reserved 253952K
}
Event: 869.691 GC heap after
{Heap after GC invocations=25 (full 0):
 garbage-first heap   total 262144K, used 137343K [0x00000000e0000000, 0x0000000100000000)
  region size 1024K, 7 young (7168K), 7 survivors (7168K)
 Metaspace       used 95891K, capacity 98945K, committed 101388K, reserved 342016K
  class space    used 12096K, capacity 13198K, committed 13696K, reserved 253952K
}
Event: 870.224 GC heap before
{Heap before GC invocations=25 (full 0):
 garbage-first heap   total 262144K, used 141439K [0x00000000e0000000, 0x0000000100000000)
  region size 1024K, 12 young (12288K), 7 survivors (7168K)
 Metaspace       used 95895K, capacity 98945K, committed 101388K, reserved 342016K
  class space    used 12096K, capacity 13198K, committed 13696K, reserved 253952K
}

Deoptimization events (20 events):
Event: 869.649 Thread 0x00000000275f8800 Uncommon trap: trap_request=0xffffff4d fr.pc=0x0000000013209524 relative=0x00000000000001e4
Event: 869.649 Thread 0x00000000275f8800 Uncommon trap: reason=unstable_if action=reinterpret pc=0x0000000013209524 method=com.sun.org.apache.xerces.internal.dom.ParentNode.nodeListGetLength()I @ 22 c2
Event: 869.649 Thread 0x00000000275f8800 DEOPT PACKING pc=0x0000000013209524 sp=0x00000000304f5c40
Event: 869.649 Thread 0x00000000275f8800 DEOPT UNPACKING pc=0x000000000b0ea1af sp=0x00000000304f5bf0 mode 2
Event: 869.657 Thread 0x00000000275f8800 Uncommon trap: trap_request=0xffffffde fr.pc=0x0000000013256f38 relative=0x0000000000000638
Event: 869.657 Thread 0x00000000275f8800 Uncommon trap: reason=class_check action=maybe_recompile pc=0x0000000013256f38 method=java.lang.AbstractStringBuilder.append(Ljava/lang/CharSequence;)Ljava/lang/AbstractStringBuilder; @ 37 c2
Event: 869.657 Thread 0x00000000275f8800 DEOPT PACKING pc=0x0000000013256f38 sp=0x00000000304f6bb0
Event: 869.657 Thread 0x00000000275f8800 DEOPT UNPACKING pc=0x000000000b0ea1af sp=0x00000000304f6ba8 mode 2
Event: 869.666 Thread 0x00000000275f8800 Uncommon trap: trap_request=0xffffffde fr.pc=0x0000000013256f38 relative=0x0000000000000638
Event: 869.666 Thread 0x00000000275f8800 Uncommon trap: reason=class_check action=maybe_recompile pc=0x0000000013256f38 method=java.lang.AbstractStringBuilder.append(Ljava/lang/CharSequence;)Ljava/lang/AbstractStringBuilder; @ 37 c2
Event: 869.666 Thread 0x00000000275f8800 DEOPT PACKING pc=0x0000000013256f38 sp=0x00000000304f7df0
Event: 869.666 Thread 0x00000000275f8800 DEOPT UNPACKING pc=0x000000000b0ea1af sp=0x00000000304f7de8 mode 2
Event: 869.666 Thread 0x00000000275f8800 Uncommon trap: trap_request=0xffffffde fr.pc=0x0000000013256f38 relative=0x0000000000000638
Event: 869.666 Thread 0x00000000275f8800 Uncommon trap: reason=class_check action=maybe_recompile pc=0x0000000013256f38 method=java.lang.AbstractStringBuilder.append(Ljava/lang/CharSequence;)Ljava/lang/AbstractStringBuilder; @ 37 c2
Event: 869.666 Thread 0x00000000275f8800 DEOPT PACKING pc=0x0000000013256f38 sp=0x00000000304f7fc0
Event: 869.666 Thread 0x00000000275f8800 DEOPT UNPACKING pc=0x000000000b0ea1af sp=0x00000000304f7fb8 mode 2
Event: 869.666 Thread 0x00000000275f8800 Uncommon trap: trap_request=0xffffffde fr.pc=0x0000000013256f38 relative=0x0000000000000638
Event: 869.666 Thread 0x00000000275f8800 Uncommon trap: reason=class_check action=maybe_recompile pc=0x0000000013256f38 method=java.lang.AbstractStringBuilder.append(Ljava/lang/CharSequence;)Ljava/lang/AbstractStringBuilder; @ 37 c2
Event: 869.666 Thread 0x00000000275f8800 DEOPT PACKING pc=0x0000000013256f38 sp=0x00000000304f7da0
Event: 869.666 Thread 0x00000000275f8800 DEOPT UNPACKING pc=0x000000000b0ea1af sp=0x00000000304f7d98 mode 2

Classes redefined (0 events):
No events

Internal exceptions (20 events):
Event: 772.540 Thread 0x000000002464d000 Exception <a 'java/lang/ClassNotFoundException'{0x00000000eddd41c0}: [BBeanInfo> (0x00000000eddd41c0) thrown at [./src/hotspot/share/prims/jni.cpp, line 636]
Event: 772.540 Thread 0x000000002464d000 Exception <a 'java/lang/ClassNotFoundException'{0x00000000eddd4fe0}: [BCustomizer> (0x00000000eddd4fe0) thrown at [./src/hotspot/share/prims/jni.cpp, line 636]
Event: 772.540 Thread 0x000000002464d000 Exception <a 'java/lang/ClassNotFoundException'{0x00000000eddd5d88}: [BCustomizer> (0x00000000eddd5d88) thrown at [./src/hotspot/share/prims/jni.cpp, line 636]
Event: 772.557 Thread 0x000000002464d000 Exception <a 'java/lang/ClassNotFoundException'{0x00000000edaabce0}: org/codehaus/groovy/runtime/EncodingGroovyMethods$1BeanInfo> (0x00000000edaabce0) thrown at [./src/hotspot/share/classfile/systemDictionary.cpp, line 231]
Event: 772.560 Thread 0x000000002464d000 Exception <a 'java/lang/ClassNotFoundException'{0x00000000ed7653f0}: org/codehaus/groovy/runtime/EncodingGroovyMethods$1Customizer> (0x00000000ed7653f0) thrown at [./src/hotspot/share/classfile/systemDictionary.cpp, line 231]
Event: 772.567 Thread 0x000000002464d000 Exception <a 'java/lang/ClassNotFoundException'{0x00000000ed621ab0}: groovy/xml/MarkupBuilderHelperBeanInfo> (0x00000000ed621ab0) thrown at [./src/hotspot/share/classfile/systemDictionary.cpp, line 231]
Event: 772.568 Thread 0x000000002464d000 Exception <a 'java/lang/ClassNotFoundException'{0x00000000ed6a1a08}: groovy/xml/MarkupBuilderHelperCustomizer> (0x00000000ed6a1a08) thrown at [./src/hotspot/share/classfile/systemDictionary.cpp, line 231]
Event: 773.703 Thread 0x000000002464d000 Exception <a 'java/lang/ClassNotFoundException'{0x00000000ed6f3c88}: org/gradle/internal/id/CompositeIdGenerator$CompositeIdBeanInfo> (0x00000000ed6f3c88) thrown at [./src/hotspot/share/classfile/systemDictionary.cpp, line 231]
Event: 773.703 Thread 0x000000002464d000 Exception <a 'java/lang/ClassNotFoundException'{0x00000000ed516300}: org/gradle/internal/id/CompositeIdGenerator$CompositeIdCustomizer> (0x00000000ed516300) thrown at [./src/hotspot/share/classfile/systemDictionary.cpp, line 231]
Event: 783.876 Thread 0x000000002464d000 Exception <a 'java/lang/ClassNotFoundException'{0x00000000ed4a7cf8}: org/gradle/api/internal/tasks/testing/results/DefaultTestResultBeanInfo> (0x00000000ed4a7cf8) thrown at [./src/hotspot/share/classfile/systemDictionary.cpp, line 231]
Event: 783.877 Thread 0x000000002464d000 Exception <a 'java/lang/ClassNotFoundException'{0x00000000ed4da608}: org/gradle/api/internal/tasks/testing/results/DefaultTestResultCustomizer> (0x00000000ed4da608) thrown at [./src/hotspot/share/classfile/systemDictionary.cpp, line 231]
Event: 783.880 Thread 0x000000002464d000 Exception <a 'java/lang/ClassNotFoundException'{0x00000000ed327788}: org/gradle/api/tasks/testing/TestResult$ResultTypeBeanInfo> (0x00000000ed327788) thrown at [./src/hotspot/share/classfile/systemDictionary.cpp, line 231]
Event: 783.880 Thread 0x000000002464d000 Exception <a 'java/lang/ClassNotFoundException'{0x00000000ed3561e0}: org/gradle/api/tasks/testing/TestResult$ResultTypeCustomizer> (0x00000000ed3561e0) thrown at [./src/hotspot/share/classfile/systemDictionary.cpp, line 231]
Event: 868.785 Thread 0x0000000024b25000 Exception <a 'sun/nio/fs/WindowsException'{0x00000000ec987248}> (0x00000000ec987248) thrown at [./src/hotspot/share/prims/jni.cpp, line 615]
Event: 868.785 Thread 0x0000000024b25000 Exception <a 'sun/nio/fs/WindowsException'{0x00000000ec98a458}> (0x00000000ec98a458) thrown at [./src/hotspot/share/prims/jni.cpp, line 615]
Event: 868.786 Thread 0x0000000024b25000 Exception <a 'sun/nio/fs/WindowsException'{0x00000000ec98a5c8}> (0x00000000ec98a5c8) thrown at [./src/hotspot/share/prims/jni.cpp, line 615]
Event: 868.793 Thread 0x0000000024b23000 Exception <a 'sun/nio/fs/WindowsException'{0x00000000ec9e9710}> (0x00000000ec9e9710) thrown at [./src/hotspot/share/prims/jni.cpp, line 615]
Event: 868.815 Thread 0x0000000024b23000 Exception <a 'sun/nio/fs/WindowsException'{0x00000000ec2eff18}> (0x00000000ec2eff18) thrown at [./src/hotspot/share/prims/jni.cpp, line 615]
Event: 868.816 Thread 0x0000000024b23000 Exception <a 'sun/nio/fs/WindowsException'{0x00000000ec2f0080}> (0x00000000ec2f0080) thrown at [./src/hotspot/share/prims/jni.cpp, line 615]
Event: 869.356 Thread 0x00000000275f8800 Implicit null exception at 0x000000001317b8f7 to 0x000000001317ba80

Events (20 events):
Event: 869.076 Executing VM operation: BulkRevokeBias
Event: 869.077 Executing VM operation: BulkRevokeBias done
Event: 869.078 Executing VM operation: RevokeBias
Event: 869.078 Executing VM operation: RevokeBias done
Event: 869.078 Executing VM operation: RevokeBias
Event: 869.078 Executing VM operation: RevokeBias done
Event: 869.079 Executing VM operation: RevokeBias
Event: 869.079 Executing VM operation: RevokeBias done
Event: 869.287 Executing VM operation: RevokeBias
Event: 869.288 Executing VM operation: RevokeBias done
Event: 869.423 loading class org/gradle/api/internal/artifacts/ivyservice/ivyresolve/parser/GradleModuleMetadataParser$ModuleDependencyConstraint
Event: 869.423 loading class org/gradle/api/internal/artifacts/ivyservice/ivyresolve/parser/GradleModuleMetadataParser$ModuleDependencyConstraint done
Event: 869.667 loading class org/gradle/api/internal/artifacts/ivyservice/ivyresolve/parser/GradlePomModuleDescriptorBuilder$JarDependencyType
Event: 869.667 loading class org/gradle/api/internal/artifacts/ivyservice/ivyresolve/parser/GradlePomModuleDescriptorBuilder$JarDependencyType done
Event: 869.683 Executing VM operation: G1CollectForAllocation
Event: 869.691 Executing VM operation: G1CollectForAllocation done
Event: 869.698 Executing VM operation: RevokeBias
Event: 869.698 Executing VM operation: RevokeBias done
Event: 869.699 Thread 0x0000000024dc7000 Thread added: 0x0000000024dc7000
Event: 870.224 Executing VM operation: G1CollectForAllocation


Dynamic libraries:
0x000000013ffe0000 - 0x000000013ffed000 	C:\Program Files\Eclipse Foundation\jdk-11.0.12.7-hotspot\bin\java.exe
0x0000000077c50000 - 0x0000000077df9000 	C:\Windows\SYSTEM32\ntdll.dll
0x000007fec52e0000 - 0x000007fec52f3000 	C:\Program Files\AVG\Antivirus\aswhook.dll
0x0000000077a30000 - 0x0000000077b4f000 	C:\Windows\system32\kernel32.dll
0x000007fefdd40000 - 0x000007fefddab000 	C:\Windows\system32\KERNELBASE.dll
0x000007fec6b30000 - 0x000007fec6b47000 	C:\Program Files\Eclipse Foundation\jdk-11.0.12.7-hotspot\bin\jli.dll
0x000007fefc150000 - 0x000007fefc344000 	C:\Windows\WinSxS\amd64_microsoft.windows.common-controls_6595b64144ccf1df_6.0.7601.17514_none_fa396087175ac9ac\COMCTL32.dll
0x000007feff8f0000 - 0x000007feff98f000 	C:\Windows\system32\msvcrt.dll
0x000007fefef30000 - 0x000007fefef97000 	C:\Windows\system32\GDI32.dll
0x0000000077b50000 - 0x0000000077c4a000 	C:\Windows\system32\USER32.dll
0x000007fefddc0000 - 0x000007fefddce000 	C:\Windows\system32\LPK.dll
0x000007fefddd0000 - 0x000007fefde99000 	C:\Windows\system32\USP10.dll
0x000007feff690000 - 0x000007feff701000 	C:\Windows\system32\SHLWAPI.dll
0x000007fec6bf0000 - 0x000007fec6c05000 	C:\Program Files\Eclipse Foundation\jdk-11.0.12.7-hotspot\bin\VCRUNTIME140.dll
0x000007fee3460000 - 0x000007fee3464000 	C:\Program Files\Eclipse Foundation\jdk-11.0.12.7-hotspot\bin\api-ms-win-crt-runtime-l1-1-0.dll
0x000007feae2d0000 - 0x000007feae3ca000 	C:\Program Files\Eclipse Foundation\jdk-11.0.12.7-hotspot\bin\ucrtbase.DLL
0x000007fef2310000 - 0x000007fef2313000 	C:\Program Files\Eclipse Foundation\jdk-11.0.12.7-hotspot\bin\api-ms-win-core-localization-l1-2-0.dll
0x000007fec55c0000 - 0x000007fec55c3000 	C:\Program Files\Eclipse Foundation\jdk-11.0.12.7-hotspot\bin\api-ms-win-core-processthreads-l1-1-1.dll
0x000007fec6b20000 - 0x000007fec6b23000 	C:\Program Files\Eclipse Foundation\jdk-11.0.12.7-hotspot\bin\api-ms-win-core-file-l1-2-0.dll
0x000007fec5240000 - 0x000007fec5243000 	C:\Program Files\Eclipse Foundation\jdk-11.0.12.7-hotspot\bin\api-ms-win-core-timezone-l1-1-0.dll
0x000007fec52d0000 - 0x000007fec52d3000 	C:\Program Files\Eclipse Foundation\jdk-11.0.12.7-hotspot\bin\api-ms-win-core-file-l2-1-0.dll
0x000007fec51c0000 - 0x000007fec51c3000 	C:\Program Files\Eclipse Foundation\jdk-11.0.12.7-hotspot\bin\api-ms-win-core-synch-l1-2-0.dll
0x000007fec5230000 - 0x000007fec5233000 	C:\Program Files\Eclipse Foundation\jdk-11.0.12.7-hotspot\bin\api-ms-win-crt-heap-l1-1-0.dll
0x000007fec5130000 - 0x000007fec5134000 	C:\Program Files\Eclipse Foundation\jdk-11.0.12.7-hotspot\bin\api-ms-win-crt-string-l1-1-0.dll
0x000007fec5170000 - 0x000007fec5174000 	C:\Program Files\Eclipse Foundation\jdk-11.0.12.7-hotspot\bin\api-ms-win-crt-stdio-l1-1-0.dll
0x000007fec4ef0000 - 0x000007fec4ef4000 	C:\Program Files\Eclipse Foundation\jdk-11.0.12.7-hotspot\bin\api-ms-win-crt-convert-l1-1-0.dll
0x000007fec4f00000 - 0x000007fec4f03000 	C:\Program Files\Eclipse Foundation\jdk-11.0.12.7-hotspot\bin\api-ms-win-crt-environment-l1-1-0.dll
0x000007fec4ed0000 - 0x000007fec4ed3000 	C:\Program Files\Eclipse Foundation\jdk-11.0.12.7-hotspot\bin\api-ms-win-crt-filesystem-l1-1-0.dll
0x000007fec4ee0000 - 0x000007fec4ee5000 	C:\Program Files\Eclipse Foundation\jdk-11.0.12.7-hotspot\bin\api-ms-win-crt-math-l1-1-0.dll
0x000007fec4eb0000 - 0x000007fec4eb3000 	C:\Program Files\Eclipse Foundation\jdk-11.0.12.7-hotspot\bin\api-ms-win-crt-locale-l1-1-0.dll
0x000007feff0a0000 - 0x000007feff0ce000 	C:\Windows\system32\IMM32.DLL
0x000007feff990000 - 0x000007feffa99000 	C:\Windows\system32\MSCTF.dll
0x000007feb3060000 - 0x000007feb30fb000 	C:\Program Files\Eclipse Foundation\jdk-11.0.12.7-hotspot\bin\msvcp140.dll
0x000007fec4ec0000 - 0x000007fec4ec3000 	C:\Program Files\Eclipse Foundation\jdk-11.0.12.7-hotspot\bin\api-ms-win-crt-time-l1-1-0.dll
0x000007fec42c0000 - 0x000007fec42c3000 	C:\Program Files\Eclipse Foundation\jdk-11.0.12.7-hotspot\bin\api-ms-win-crt-utility-l1-1-0.dll
0x000007fead770000 - 0x000007feae2c9000 	C:\Program Files\Eclipse Foundation\jdk-11.0.12.7-hotspot\bin\server\jvm.dll
0x000007fefefc0000 - 0x000007feff09b000 	C:\Windows\system32\ADVAPI32.dll
0x000007fefefa0000 - 0x000007fefefbf000 	C:\Windows\SYSTEM32\sechost.dll
0x000007feff7c0000 - 0x000007feff8ed000 	C:\Windows\system32\RPCRT4.dll
0x000007fefaf50000 - 0x000007fefaf59000 	C:\Windows\system32\WSOCK32.dll
0x000007fefeee0000 - 0x000007fefef2d000 	C:\Windows\system32\WS2_32.dll
0x000007feff710000 - 0x000007feff718000 	C:\Windows\system32\NSI.dll
0x000007fef7ab0000 - 0x000007fef7aeb000 	C:\Windows\system32\WINMM.dll
0x000007fefc990000 - 0x000007fefc99c000 	C:\Windows\system32\VERSION.dll
0x0000000077e10000 - 0x0000000077e17000 	C:\Windows\system32\PSAPI.DLL
0x000007fec42d0000 - 0x000007fec42e0000 	C:\Program Files\Eclipse Foundation\jdk-11.0.12.7-hotspot\bin\verify.dll
0x000007fef9660000 - 0x000007fef9785000 	C:\Windows\system32\DBGHELP.DLL
0x000007fec3eb0000 - 0x000007fec3ed8000 	C:\Program Files\Eclipse Foundation\jdk-11.0.12.7-hotspot\bin\java.dll
0x000007fec42a0000 - 0x000007fec42aa000 	C:\Program Files\Eclipse Foundation\jdk-11.0.12.7-hotspot\bin\jimage.dll
0x000007fec3ef0000 - 0x000007fec3f07000 	C:\Program Files\Eclipse Foundation\jdk-11.0.12.7-hotspot\bin\zip.dll
0x000007fefe150000 - 0x000007fefeed8000 	C:\Windows\system32\SHELL32.dll
0x000007feff480000 - 0x000007feff683000 	C:\Windows\system32\ole32.dll
0x000007fefda10000 - 0x000007fefda1f000 	C:\Windows\system32\profapi.dll
0x000007fec2c90000 - 0x000007fec2ca9000 	C:\Program Files\Eclipse Foundation\jdk-11.0.12.7-hotspot\bin\net.dll
0x000007fef9fd0000 - 0x000007fefa041000 	C:\Windows\system32\WINHTTP.dll
0x000007fef9f60000 - 0x000007fef9fc4000 	C:\Windows\system32\webio.dll
0x000007fefd1a0000 - 0x000007fefd1f5000 	C:\Windows\system32\mswsock.dll
0x000007fefd190000 - 0x000007fefd197000 	C:\Windows\System32\wship6.dll
0x000007fec2bf0000 - 0x000007fec2c02000 	C:\Program Files\Eclipse Foundation\jdk-11.0.12.7-hotspot\bin\nio.dll
0x000007fec6c10000 - 0x000007fec6c37000 	C:\Users\user\.gradle\native\8bec1ad78214c89d9ad589b4d07fe93259594b29d510b10fafb7a158f7737e5d\windows-amd64\native-platform.dll
0x000007feae4d0000 - 0x000007feae60d000 	C:\Users\user\.gradle\native\53dbd7edfb1c66fb8903c78663c9afc45aea4f116125fa6feffd364cf09443e8\windows-amd64\native-platform-file-events.dll
0x000007fec42b0000 - 0x000007fec42b9000 	C:\Program Files\Eclipse Foundation\jdk-11.0.12.7-hotspot\bin\management.dll
0x000007fec3ee0000 - 0x000007fec3eeb000 	C:\Program Files\Eclipse Foundation\jdk-11.0.12.7-hotspot\bin\management_ext.dll
0x000007fefd200000 - 0x000007fefd217000 	C:\Windows\system32\CRYPTSP.dll
0x000007fefcf00000 - 0x000007fefcf47000 	C:\Windows\system32\rsaenh.dll
0x000007fefdd10000 - 0x000007fefdd2e000 	C:\Windows\system32\USERENV.dll
0x000007fefd8a0000 - 0x000007fefd8af000 	C:\Windows\system32\CRYPTBASE.dll
0x000007fefb220000 - 0x000007fefb247000 	C:\Windows\system32\IPHLPAPI.DLL
0x000007fefb210000 - 0x000007fefb21b000 	C:\Windows\system32\WINNSI.DLL
0x000007fefafc0000 - 0x000007fefafd1000 	C:\Windows\system32\dhcpcsvc6.DLL
0x000007fefaf80000 - 0x000007fefaf98000 	C:\Windows\system32\dhcpcsvc.DLL
0x000007fef6ff0000 - 0x000007fef6ffe000 	C:\Program Files\Eclipse Foundation\jdk-11.0.12.7-hotspot\bin\sunmscapi.dll
0x000007fefdb50000 - 0x000007fefdcbc000 	C:\Windows\system32\CRYPT32.dll
0x000007fefda00000 - 0x000007fefda0f000 	C:\Windows\system32\MSASN1.dll
0x000007fefd380000 - 0x000007fefd3cd000 	C:\Windows\system32\ncrypt.dll
0x000007fefd350000 - 0x000007fefd372000 	C:\Windows\system32\bcrypt.dll
0x000007fef6fc0000 - 0x000007fef6fe5000 	C:\Program Files\Eclipse Foundation\jdk-11.0.12.7-hotspot\bin\sunec.dll
0x000007fefc8d0000 - 0x000007fefc8d7000 	C:\Windows\System32\wshtcpip.dll
0x000007fefd020000 - 0x000007fefd07b000 	C:\Windows\system32\DNSAPI.dll
0x000007fee2090000 - 0x000007fee2098000 	C:\Windows\system32\rasadhlp.dll
0x000007fefb0b0000 - 0x000007fefb103000 	C:\Windows\System32\fwpuclnt.dll
0x000007fefd800000 - 0x000007fefd857000 	C:\Windows\system32\apphelp.dll

dbghelp: loaded successfully - version: 4.0.5 - missing functions: none
symbol engine: initialized successfully - sym options: 0x614 - pdb path: .;C:\Program Files\Eclipse Foundation\jdk-11.0.12.7-hotspot\bin;C:\Windows\SYSTEM32;C:\Program Files\AVG\Antivirus;C:\Windows\WinSxS\amd64_microsoft.windows.common-controls_6595b64144ccf1df_6.0.7601.17514_none_fa396087175ac9ac;C:\Program Files\Eclipse Foundation\jdk-11.0.12.7-hotspot\bin\server;C:\Users\user\.gradle\native\8bec1ad78214c89d9ad589b4d07fe93259594b29d510b10fafb7a158f7737e5d\windows-amd64;C:\Users\user\.gradle\native\53dbd7edfb1c66fb8903c78663c9afc45aea4f116125fa6feffd364cf09443e8\windows-amd64

VM Arguments:
jvm_args: --add-opens=java.base/java.util=ALL-UNNAMED --add-opens=java.base/java.lang=ALL-UNNAMED --add-opens=java.base/java.lang.invoke=ALL-UNNAMED --add-opens=java.base/java.util=ALL-UNNAMED --add-opens=java.prefs/java.util.prefs=ALL-UNNAMED --add-opens=java.prefs/java.util.prefs=ALL-UNNAMED --add-opens=java.base/java.nio.charset=ALL-UNNAMED --add-opens=java.base/java.net=ALL-UNNAMED --add-opens=java.base/java.util.concurrent.atomic=ALL-UNNAMED -XX:MaxMetaspaceSize=256m -XX:+HeapDumpOnOutOfMemoryError -Xms256m -Xmx512m -Dfile.encoding=windows-1251 -Duser.country=RU -Duser.language=ru -Duser.variant 
java_command: org.gradle.launcher.daemon.bootstrap.GradleDaemon 7.1
java_class_path (initial): C:\Users\user\.gradle\wrapper\dists\gradle-7.1-bin\4pslxx9lrxt5svtz5wbnb6tkz\gradle-7.1\lib\gradle-launcher-7.1.jar
Launcher Type: SUN_STANDARD

[Global flags]
     intx CICompilerCount                          = 4                                         {product} {ergonomic}
   size_t CompressedClassSpaceSize                 = 260046848                                 {product} {ergonomic}
     uint ConcGCThreads                            = 2                                         {product} {ergonomic}
     uint G1ConcRefinementThreads                  = 8                                         {product} {ergonomic}
   size_t G1HeapRegionSize                         = 1048576                                   {product} {ergonomic}
    uintx GCDrainStackTargetSize                   = 64                                        {product} {ergonomic}
     bool HeapDumpOnOutOfMemoryError               = true                                   {manageable} {command line}
   size_t InitialHeapSize                          = 268435456                                 {product} {command line}
   size_t MarkStackSize                            = 4194304                                   {product} {ergonomic}
   size_t MaxHeapSize                              = 536870912                                 {product} {command line}
   size_t MaxMetaspaceSize                         = 268435456                                 {product} {command line}
   size_t MaxNewSize                               = 321912832                                 {product} {ergonomic}
   size_t MinHeapDeltaBytes                        = 1048576                                   {product} {ergonomic}
    uintx NonNMethodCodeHeapSize                   = 5836300                                {pd product} {ergonomic}
    uintx NonProfiledCodeHeapSize                  = 122910970                              {pd product} {ergonomic}
    uintx ProfiledCodeHeapSize                     = 122910970                              {pd product} {ergonomic}
    uintx ReservedCodeCacheSize                    = 251658240                              {pd product} {ergonomic}
     bool SegmentedCodeCache                       = true                                      {product} {ergonomic}
     bool UseCompressedClassPointers               = true                                 {lp64_product} {ergonomic}
     bool UseCompressedOops                        = true                                 {lp64_product} {ergonomic}
     bool UseG1GC                                  = true                                      {product} {ergonomic}
     bool UseLargePagesIndividualAllocation        = false                                  {pd product} {ergonomic}

Logging:
Log output configuration:
 #0: stdout all=warning uptime,level,tags
 #1: stderr all=off uptime,level,tags

Environment Variables:
PATH=C:\Program Files\Eclipse Foundation\jdk-11.0.12.7-hotspot\bin;C:\Program Files (x86)\Intel\iCLS Client\;C:\Program Files\Intel\iCLS Client\;C:\Windows\system32;C:\Windows;C:\Windows\System32\Wbem;C:\Windows\System32\WindowsPowerShell\v1.0\;C:\Program Files\Intel\Intel(R) Management Engine Components\DAL;C:\Program Files\Intel\Intel(R) Management Engine Components\IPT;C:\Program Files (x86)\Intel\Intel(R) Management Engine Components\DAL;C:\Program Files (x86)\Intel\Intel(R) Management Engine Components\IPT;C:\Program Files (x86)\NVIDIA Corporation\PhysX\Common;C:\Program Files (x86)\QuickTime\QTSystem\;C:\Program Files\Git\cmd;C:\chromedriver
USERNAME=user
OS=Windows_NT
PROCESSOR_IDENTIFIER=Intel64 Family 6 Model 58 Stepping 9, GenuineIntel



---------------  S Y S T E M  ---------------

OS: Windows 7 , 64 bit Build 7601 (6.1.7601.18015)
OS uptime: 0 days 1:17 hours

CPU:total 8 (initial active 8) (4 cores per cpu, 2 threads per core) family 6 model 58 stepping 9 microcode 0x0, cmov, cx8, fxsr, mmx, sse, sse2, sse3, ssse3, sse4.1, sse4.2, popcnt, avx, aes, clmul, erms, ht, tsc, tscinvbit, tscinv

Memory: 4k page, system-wide physical 16329M (7543M free)
TotalPageFile size 32657M (AvailPageFile size 20910M)
current process WorkingSet (physical memory assigned to process): 546M, peak: 565M
current process commit charge ("private bytes"): 592M, peak: 613M

vm_info: OpenJDK 64-Bit Server VM (11.0.12+7) for windows-amd64 JRE (11.0.12+7), built on Jul 21 2021 16:23:49 by "" with unknown MS VC++:1916

END.
